[2020-01-24 10:14:06] local.ERROR: PDOException: SQLSTATE[HY000] [2002] No connection could be made because the target machine actively refused it.
 in C:\aplikasi_sewa_gedung\vendor\illuminate\database\Connectors\Connector.php:70
Stack trace:
#0 C:\aplikasi_sewa_gedung\vendor\illuminate\database\Connectors\Connector.php(70): PDO->__construct('mysql:host=127....', 'root', '', Array)
#1 C:\aplikasi_sewa_gedung\vendor\illuminate\database\Connectors\Connector.php(46): Illuminate\Database\Connectors\Connector->createPdoConnection('mysql:host=127....', 'root', '', Array)
#2 C:\aplikasi_sewa_gedung\vendor\illuminate\database\Connectors\MySqlConnector.php(24): Illuminate\Database\Connectors\Connector->createConnection('mysql:host=127....', Array, Array)
#3 C:\aplikasi_sewa_gedung\vendor\illuminate\database\Connectors\ConnectionFactory.php(182): Illuminate\Database\Connectors\MySqlConnector->connect(Array)
#4 [internal function]: Illuminate\Database\Connectors\ConnectionFactory->Illuminate\Database\Connectors\{closure}()
#5 C:\aplikasi_sewa_gedung\vendor\illuminate\database\Connection.php(924): call_user_func(Object(Closure))
#6 C:\aplikasi_sewa_gedung\vendor\illuminate\database\Connection.php(959): Illuminate\Database\Connection->getPdo()
#7 C:\aplikasi_sewa_gedung\vendor\illuminate\database\Connection.php(404): Illuminate\Database\Connection->getReadPdo()
#8 C:\aplikasi_sewa_gedung\vendor\illuminate\database\Connection.php(330): Illuminate\Database\Connection->getPdoForSelect(true)
#9 C:\aplikasi_sewa_gedung\vendor\illuminate\database\Connection.php(662): Illuminate\Database\Connection->Illuminate\Database\{closure}('select count(*)...', Array)
#10 C:\aplikasi_sewa_gedung\vendor\illuminate\database\Connection.php(629): Illuminate\Database\Connection->runQueryCallback('select count(*)...', Array, Object(Closure))
#11 C:\aplikasi_sewa_gedung\vendor\illuminate\database\Connection.php(338): Illuminate\Database\Connection->run('select count(*)...', Array, Object(Closure))
#12 C:\aplikasi_sewa_gedung\vendor\illuminate\database\Query\Builder.php(2132): Illuminate\Database\Connection->select('select count(*)...', Array, true)
#13 C:\aplikasi_sewa_gedung\vendor\illuminate\database\Query\Builder.php(2120): Illuminate\Database\Query\Builder->runSelect()
#14 C:\aplikasi_sewa_gedung\vendor\illuminate\database\Query\Builder.php(2586): Illuminate\Database\Query\Builder->Illuminate\Database\Query\{closure}()
#15 C:\aplikasi_sewa_gedung\vendor\illuminate\database\Query\Builder.php(2121): Illuminate\Database\Query\Builder->onceWithColumns(Array, Object(Closure))
#16 C:\aplikasi_sewa_gedung\vendor\illuminate\database\Query\Builder.php(2219): Illuminate\Database\Query\Builder->get()
#17 C:\aplikasi_sewa_gedung\vendor\illuminate\database\Query\Builder.php(2190): Illuminate\Database\Query\Builder->runPaginationCountQuery(Array)
#18 C:\aplikasi_sewa_gedung\vendor\illuminate\database\Eloquent\Builder.php(706): Illuminate\Database\Query\Builder->getCountForPagination()
#19 C:\aplikasi_sewa_gedung\app\Http\Controllers\PublicController\GedungController.php(14): Illuminate\Database\Eloquent\Builder->paginate(10)
#20 [internal function]: App\Http\Controllers\PublicController\GedungController->index(Object(Laravel\Lumen\Http\Request))
#21 C:\aplikasi_sewa_gedung\vendor\illuminate\container\BoundMethod.php(32): call_user_func_array(Array, Array)
#22 C:\aplikasi_sewa_gedung\vendor\illuminate\container\Util.php(36): Illuminate\Container\BoundMethod::Illuminate\Container\{closure}()
#23 C:\aplikasi_sewa_gedung\vendor\illuminate\container\BoundMethod.php(90): Illuminate\Container\Util::unwrapIfClosure(Object(Closure))
#24 C:\aplikasi_sewa_gedung\vendor\illuminate\container\BoundMethod.php(34): Illuminate\Container\BoundMethod::callBoundMethod(Object(Laravel\Lumen\Application), Array, Object(Closure))
#25 C:\aplikasi_sewa_gedung\vendor\illuminate\container\Container.php(590): Illuminate\Container\BoundMethod::call(Object(Laravel\Lumen\Application), Array, Array, NULL)
#26 C:\aplikasi_sewa_gedung\vendor\laravel\lumen-framework\src\Concerns\RoutesRequests.php(376): Illuminate\Container\Container->call(Array, Array)
#27 C:\aplikasi_sewa_gedung\vendor\laravel\lumen-framework\src\Concerns\RoutesRequests.php(342): Laravel\Lumen\Application->callControllerCallable(Array, Array)
#28 C:\aplikasi_sewa_gedung\vendor\laravel\lumen-framework\src\Concerns\RoutesRequests.php(316): Laravel\Lumen\Application->callLumenController(Object(App\Http\Controllers\PublicController\GedungController), 'index', Array)
#29 C:\aplikasi_sewa_gedung\vendor\laravel\lumen-framework\src\Concerns\RoutesRequests.php(278): Laravel\Lumen\Application->callControllerAction(Array)
#30 C:\aplikasi_sewa_gedung\vendor\laravel\lumen-framework\src\Concerns\RoutesRequests.php(263): Laravel\Lumen\Application->callActionOnArrayBasedRoute(Array)
#31 C:\aplikasi_sewa_gedung\vendor\laravel\lumen-framework\src\Concerns\RoutesRequests.php(165): Laravel\Lumen\Application->handleFoundRoute(Array)
#32 C:\aplikasi_sewa_gedung\vendor\laravel\lumen-framework\src\Concerns\RoutesRequests.php(416): Laravel\Lumen\Application->Laravel\Lumen\Concerns\{closure}(Object(Laravel\Lumen\Http\Request))
#33 C:\aplikasi_sewa_gedung\vendor\laravel\lumen-framework\src\Concerns\RoutesRequests.php(171): Laravel\Lumen\Application->sendThroughPipeline(Array, Object(Closure))
#34 C:\aplikasi_sewa_gedung\vendor\laravel\lumen-framework\src\Concerns\RoutesRequests.php(108): Laravel\Lumen\Application->dispatch(NULL)
#35 C:\aplikasi_sewa_gedung\public\index.php(28): Laravel\Lumen\Application->run()
#36 {main}

Next Illuminate\Database\QueryException: SQLSTATE[HY000] [2002] No connection could be made because the target machine actively refused it.
 (SQL: select count(*) as aggregate from `gedung`) in C:\aplikasi_sewa_gedung\vendor\illuminate\database\Connection.php:669
Stack trace:
#0 C:\aplikasi_sewa_gedung\vendor\illuminate\database\Connection.php(629): Illuminate\Database\Connection->runQueryCallback('select count(*)...', Array, Object(Closure))
#1 C:\aplikasi_sewa_gedung\vendor\illuminate\database\Connection.php(338): Illuminate\Database\Connection->run('select count(*)...', Array, Object(Closure))
#2 C:\aplikasi_sewa_gedung\vendor\illuminate\database\Query\Builder.php(2132): Illuminate\Database\Connection->select('select count(*)...', Array, true)
#3 C:\aplikasi_sewa_gedung\vendor\illuminate\database\Query\Builder.php(2120): Illuminate\Database\Query\Builder->runSelect()
#4 C:\aplikasi_sewa_gedung\vendor\illuminate\database\Query\Builder.php(2586): Illuminate\Database\Query\Builder->Illuminate\Database\Query\{closure}()
#5 C:\aplikasi_sewa_gedung\vendor\illuminate\database\Query\Builder.php(2121): Illuminate\Database\Query\Builder->onceWithColumns(Array, Object(Closure))
#6 C:\aplikasi_sewa_gedung\vendor\illuminate\database\Query\Builder.php(2219): Illuminate\Database\Query\Builder->get()
#7 C:\aplikasi_sewa_gedung\vendor\illuminate\database\Query\Builder.php(2190): Illuminate\Database\Query\Builder->runPaginationCountQuery(Array)
#8 C:\aplikasi_sewa_gedung\vendor\illuminate\database\Eloquent\Builder.php(706): Illuminate\Database\Query\Builder->getCountForPagination()
#9 C:\aplikasi_sewa_gedung\app\Http\Controllers\PublicController\GedungController.php(14): Illuminate\Database\Eloquent\Builder->paginate(10)
#10 [internal function]: App\Http\Controllers\PublicController\GedungController->index(Object(Laravel\Lumen\Http\Request))
#11 C:\aplikasi_sewa_gedung\vendor\illuminate\container\BoundMethod.php(32): call_user_func_array(Array, Array)
#12 C:\aplikasi_sewa_gedung\vendor\illuminate\container\Util.php(36): Illuminate\Container\BoundMethod::Illuminate\Container\{closure}()
#13 C:\aplikasi_sewa_gedung\vendor\illuminate\container\BoundMethod.php(90): Illuminate\Container\Util::unwrapIfClosure(Object(Closure))
#14 C:\aplikasi_sewa_gedung\vendor\illuminate\container\BoundMethod.php(34): Illuminate\Container\BoundMethod::callBoundMethod(Object(Laravel\Lumen\Application), Array, Object(Closure))
#15 C:\aplikasi_sewa_gedung\vendor\illuminate\container\Container.php(590): Illuminate\Container\BoundMethod::call(Object(Laravel\Lumen\Application), Array, Array, NULL)
#16 C:\aplikasi_sewa_gedung\vendor\laravel\lumen-framework\src\Concerns\RoutesRequests.php(376): Illuminate\Container\Container->call(Array, Array)
#17 C:\aplikasi_sewa_gedung\vendor\laravel\lumen-framework\src\Concerns\RoutesRequests.php(342): Laravel\Lumen\Application->callControllerCallable(Array, Array)
#18 C:\aplikasi_sewa_gedung\vendor\laravel\lumen-framework\src\Concerns\RoutesRequests.php(316): Laravel\Lumen\Application->callLumenController(Object(App\Http\Controllers\PublicController\GedungController), 'index', Array)
#19 C:\aplikasi_sewa_gedung\vendor\laravel\lumen-framework\src\Concerns\RoutesRequests.php(278): Laravel\Lumen\Application->callControllerAction(Array)
#20 C:\aplikasi_sewa_gedung\vendor\laravel\lumen-framework\src\Concerns\RoutesRequests.php(263): Laravel\Lumen\Application->callActionOnArrayBasedRoute(Array)
#21 C:\aplikasi_sewa_gedung\vendor\laravel\lumen-framework\src\Concerns\RoutesRequests.php(165): Laravel\Lumen\Application->handleFoundRoute(Array)
#22 C:\aplikasi_sewa_gedung\vendor\laravel\lumen-framework\src\Concerns\RoutesRequests.php(416): Laravel\Lumen\Application->Laravel\Lumen\Concerns\{closure}(Object(Laravel\Lumen\Http\Request))
#23 C:\aplikasi_sewa_gedung\vendor\laravel\lumen-framework\src\Concerns\RoutesRequests.php(171): Laravel\Lumen\Application->sendThroughPipeline(Array, Object(Closure))
#24 C:\aplikasi_sewa_gedung\vendor\laravel\lumen-framework\src\Concerns\RoutesRequests.php(108): Laravel\Lumen\Application->dispatch(NULL)
#25 C:\aplikasi_sewa_gedung\public\index.php(28): Laravel\Lumen\Application->run()
#26 {main} {"exception":"[object] (Illuminate\\Database\\QueryException(code: 2002): SQLSTATE[HY000] [2002] No connection could be made because the target machine actively refused it.
 (SQL: select count(*) as aggregate from `gedung`) at C:\\aplikasi_sewa_gedung\\vendor\\illuminate\\database\\Connection.php:669)
[stacktrace]
#0 C:\\aplikasi_sewa_gedung\\vendor\\illuminate\\database\\Connection.php(629): Illuminate\\Database\\Connection->runQueryCallback('select count(*)...', Array, Object(Closure))
#1 C:\\aplikasi_sewa_gedung\\vendor\\illuminate\\database\\Connection.php(338): Illuminate\\Database\\Connection->run('select count(*)...', Array, Object(Closure))
#2 C:\\aplikasi_sewa_gedung\\vendor\\illuminate\\database\\Query\\Builder.php(2132): Illuminate\\Database\\Connection->select('select count(*)...', Array, true)
#3 C:\\aplikasi_sewa_gedung\\vendor\\illuminate\\database\\Query\\Builder.php(2120): Illuminate\\Database\\Query\\Builder->runSelect()
#4 C:\\aplikasi_sewa_gedung\\vendor\\illuminate\\database\\Query\\Builder.php(2586): Illuminate\\Database\\Query\\Builder->Illuminate\\Database\\Query\\{closure}()
#5 C:\\aplikasi_sewa_gedung\\vendor\\illuminate\\database\\Query\\Builder.php(2121): Illuminate\\Database\\Query\\Builder->onceWithColumns(Array, Object(Closure))
#6 C:\\aplikasi_sewa_gedung\\vendor\\illuminate\\database\\Query\\Builder.php(2219): Illuminate\\Database\\Query\\Builder->get()
#7 C:\\aplikasi_sewa_gedung\\vendor\\illuminate\\database\\Query\\Builder.php(2190): Illuminate\\Database\\Query\\Builder->runPaginationCountQuery(Array)
#8 C:\\aplikasi_sewa_gedung\\vendor\\illuminate\\database\\Eloquent\\Builder.php(706): Illuminate\\Database\\Query\\Builder->getCountForPagination()
#9 C:\\aplikasi_sewa_gedung\\app\\Http\\Controllers\\PublicController\\GedungController.php(14): Illuminate\\Database\\Eloquent\\Builder->paginate(10)
#10 [internal function]: App\\Http\\Controllers\\PublicController\\GedungController->index(Object(Laravel\\Lumen\\Http\\Request))
#11 C:\\aplikasi_sewa_gedung\\vendor\\illuminate\\container\\BoundMethod.php(32): call_user_func_array(Array, Array)
#12 C:\\aplikasi_sewa_gedung\\vendor\\illuminate\\container\\Util.php(36): Illuminate\\Container\\BoundMethod::Illuminate\\Container\\{closure}()
#13 C:\\aplikasi_sewa_gedung\\vendor\\illuminate\\container\\BoundMethod.php(90): Illuminate\\Container\\Util::unwrapIfClosure(Object(Closure))
#14 C:\\aplikasi_sewa_gedung\\vendor\\illuminate\\container\\BoundMethod.php(34): Illuminate\\Container\\BoundMethod::callBoundMethod(Object(Laravel\\Lumen\\Application), Array, Object(Closure))
#15 C:\\aplikasi_sewa_gedung\\vendor\\illuminate\\container\\Container.php(590): Illuminate\\Container\\BoundMethod::call(Object(Laravel\\Lumen\\Application), Array, Array, NULL)
#16 C:\\aplikasi_sewa_gedung\\vendor\\laravel\\lumen-framework\\src\\Concerns\\RoutesRequests.php(376): Illuminate\\Container\\Container->call(Array, Array)
#17 C:\\aplikasi_sewa_gedung\\vendor\\laravel\\lumen-framework\\src\\Concerns\\RoutesRequests.php(342): Laravel\\Lumen\\Application->callControllerCallable(Array, Array)
#18 C:\\aplikasi_sewa_gedung\\vendor\\laravel\\lumen-framework\\src\\Concerns\\RoutesRequests.php(316): Laravel\\Lumen\\Application->callLumenController(Object(App\\Http\\Controllers\\PublicController\\GedungController), 'index', Array)
#19 C:\\aplikasi_sewa_gedung\\vendor\\laravel\\lumen-framework\\src\\Concerns\\RoutesRequests.php(278): Laravel\\Lumen\\Application->callControllerAction(Array)
#20 C:\\aplikasi_sewa_gedung\\vendor\\laravel\\lumen-framework\\src\\Concerns\\RoutesRequests.php(263): Laravel\\Lumen\\Application->callActionOnArrayBasedRoute(Array)
#21 C:\\aplikasi_sewa_gedung\\vendor\\laravel\\lumen-framework\\src\\Concerns\\RoutesRequests.php(165): Laravel\\Lumen\\Application->handleFoundRoute(Array)
#22 C:\\aplikasi_sewa_gedung\\vendor\\laravel\\lumen-framework\\src\\Concerns\\RoutesRequests.php(416): Laravel\\Lumen\\Application->Laravel\\Lumen\\Concerns\\{closure}(Object(Laravel\\Lumen\\Http\\Request))
#23 C:\\aplikasi_sewa_gedung\\vendor\\laravel\\lumen-framework\\src\\Concerns\\RoutesRequests.php(171): Laravel\\Lumen\\Application->sendThroughPipeline(Array, Object(Closure))
#24 C:\\aplikasi_sewa_gedung\\vendor\\laravel\\lumen-framework\\src\\Concerns\\RoutesRequests.php(108): Laravel\\Lumen\\Application->dispatch(NULL)
#25 C:\\aplikasi_sewa_gedung\\public\\index.php(28): Laravel\\Lumen\\Application->run()
#26 {main}

[previous exception] [object] (PDOException(code: 2002): SQLSTATE[HY000] [2002] No connection could be made because the target machine actively refused it.
 at C:\\aplikasi_sewa_gedung\\vendor\\illuminate\\database\\Connectors\\Connector.php:70)
[stacktrace]
#0 C:\\aplikasi_sewa_gedung\\vendor\\illuminate\\database\\Connectors\\Connector.php(70): PDO->__construct('mysql:host=127....', 'root', '', Array)
#1 C:\\aplikasi_sewa_gedung\\vendor\\illuminate\\database\\Connectors\\Connector.php(46): Illuminate\\Database\\Connectors\\Connector->createPdoConnection('mysql:host=127....', 'root', '', Array)
#2 C:\\aplikasi_sewa_gedung\\vendor\\illuminate\\database\\Connectors\\MySqlConnector.php(24): Illuminate\\Database\\Connectors\\Connector->createConnection('mysql:host=127....', Array, Array)
#3 C:\\aplikasi_sewa_gedung\\vendor\\illuminate\\database\\Connectors\\ConnectionFactory.php(182): Illuminate\\Database\\Connectors\\MySqlConnector->connect(Array)
#4 [internal function]: Illuminate\\Database\\Connectors\\ConnectionFactory->Illuminate\\Database\\Connectors\\{closure}()
#5 C:\\aplikasi_sewa_gedung\\vendor\\illuminate\\database\\Connection.php(924): call_user_func(Object(Closure))
#6 C:\\aplikasi_sewa_gedung\\vendor\\illuminate\\database\\Connection.php(959): Illuminate\\Database\\Connection->getPdo()
#7 C:\\aplikasi_sewa_gedung\\vendor\\illuminate\\database\\Connection.php(404): Illuminate\\Database\\Connection->getReadPdo()
#8 C:\\aplikasi_sewa_gedung\\vendor\\illuminate\\database\\Connection.php(330): Illuminate\\Database\\Connection->getPdoForSelect(true)
#9 C:\\aplikasi_sewa_gedung\\vendor\\illuminate\\database\\Connection.php(662): Illuminate\\Database\\Connection->Illuminate\\Database\\{closure}('select count(*)...', Array)
#10 C:\\aplikasi_sewa_gedung\\vendor\\illuminate\\database\\Connection.php(629): Illuminate\\Database\\Connection->runQueryCallback('select count(*)...', Array, Object(Closure))
#11 C:\\aplikasi_sewa_gedung\\vendor\\illuminate\\database\\Connection.php(338): Illuminate\\Database\\Connection->run('select count(*)...', Array, Object(Closure))
#12 C:\\aplikasi_sewa_gedung\\vendor\\illuminate\\database\\Query\\Builder.php(2132): Illuminate\\Database\\Connection->select('select count(*)...', Array, true)
#13 C:\\aplikasi_sewa_gedung\\vendor\\illuminate\\database\\Query\\Builder.php(2120): Illuminate\\Database\\Query\\Builder->runSelect()
#14 C:\\aplikasi_sewa_gedung\\vendor\\illuminate\\database\\Query\\Builder.php(2586): Illuminate\\Database\\Query\\Builder->Illuminate\\Database\\Query\\{closure}()
#15 C:\\aplikasi_sewa_gedung\\vendor\\illuminate\\database\\Query\\Builder.php(2121): Illuminate\\Database\\Query\\Builder->onceWithColumns(Array, Object(Closure))
#16 C:\\aplikasi_sewa_gedung\\vendor\\illuminate\\database\\Query\\Builder.php(2219): Illuminate\\Database\\Query\\Builder->get()
#17 C:\\aplikasi_sewa_gedung\\vendor\\illuminate\\database\\Query\\Builder.php(2190): Illuminate\\Database\\Query\\Builder->runPaginationCountQuery(Array)
#18 C:\\aplikasi_sewa_gedung\\vendor\\illuminate\\database\\Eloquent\\Builder.php(706): Illuminate\\Database\\Query\\Builder->getCountForPagination()
#19 C:\\aplikasi_sewa_gedung\\app\\Http\\Controllers\\PublicController\\GedungController.php(14): Illuminate\\Database\\Eloquent\\Builder->paginate(10)
#20 [internal function]: App\\Http\\Controllers\\PublicController\\GedungController->index(Object(Laravel\\Lumen\\Http\\Request))
#21 C:\\aplikasi_sewa_gedung\\vendor\\illuminate\\container\\BoundMethod.php(32): call_user_func_array(Array, Array)
#22 C:\\aplikasi_sewa_gedung\\vendor\\illuminate\\container\\Util.php(36): Illuminate\\Container\\BoundMethod::Illuminate\\Container\\{closure}()
#23 C:\\aplikasi_sewa_gedung\\vendor\\illuminate\\container\\BoundMethod.php(90): Illuminate\\Container\\Util::unwrapIfClosure(Object(Closure))
#24 C:\\aplikasi_sewa_gedung\\vendor\\illuminate\\container\\BoundMethod.php(34): Illuminate\\Container\\BoundMethod::callBoundMethod(Object(Laravel\\Lumen\\Application), Array, Object(Closure))
#25 C:\\aplikasi_sewa_gedung\\vendor\\illuminate\\container\\Container.php(590): Illuminate\\Container\\BoundMethod::call(Object(Laravel\\Lumen\\Application), Array, Array, NULL)
#26 C:\\aplikasi_sewa_gedung\\vendor\\laravel\\lumen-framework\\src\\Concerns\\RoutesRequests.php(376): Illuminate\\Container\\Container->call(Array, Array)
#27 C:\\aplikasi_sewa_gedung\\vendor\\laravel\\lumen-framework\\src\\Concerns\\RoutesRequests.php(342): Laravel\\Lumen\\Application->callControllerCallable(Array, Array)
#28 C:\\aplikasi_sewa_gedung\\vendor\\laravel\\lumen-framework\\src\\Concerns\\RoutesRequests.php(316): Laravel\\Lumen\\Application->callLumenController(Object(App\\Http\\Controllers\\PublicController\\GedungController), 'index', Array)
#29 C:\\aplikasi_sewa_gedung\\vendor\\laravel\\lumen-framework\\src\\Concerns\\RoutesRequests.php(278): Laravel\\Lumen\\Application->callControllerAction(Array)
#30 C:\\aplikasi_sewa_gedung\\vendor\\laravel\\lumen-framework\\src\\Concerns\\RoutesRequests.php(263): Laravel\\Lumen\\Application->callActionOnArrayBasedRoute(Array)
#31 C:\\aplikasi_sewa_gedung\\vendor\\laravel\\lumen-framework\\src\\Concerns\\RoutesRequests.php(165): Laravel\\Lumen\\Application->handleFoundRoute(Array)
#32 C:\\aplikasi_sewa_gedung\\vendor\\laravel\\lumen-framework\\src\\Concerns\\RoutesRequests.php(416): Laravel\\Lumen\\Application->Laravel\\Lumen\\Concerns\\{closure}(Object(Laravel\\Lumen\\Http\\Request))
#33 C:\\aplikasi_sewa_gedung\\vendor\\laravel\\lumen-framework\\src\\Concerns\\RoutesRequests.php(171): Laravel\\Lumen\\Application->sendThroughPipeline(Array, Object(Closure))
#34 C:\\aplikasi_sewa_gedung\\vendor\\laravel\\lumen-framework\\src\\Concerns\\RoutesRequests.php(108): Laravel\\Lumen\\Application->dispatch(NULL)
#35 C:\\aplikasi_sewa_gedung\\public\\index.php(28): Laravel\\Lumen\\Application->run()
#36 {main}
"} 
[2020-01-24 10:14:18] local.ERROR: PDOException: SQLSTATE[HY000] [2002] No connection could be made because the target machine actively refused it.
 in C:\aplikasi_sewa_gedung\vendor\illuminate\database\Connectors\Connector.php:70
Stack trace:
#0 C:\aplikasi_sewa_gedung\vendor\illuminate\database\Connectors\Connector.php(70): PDO->__construct('mysql:host=127....', 'root', '', Array)
#1 C:\aplikasi_sewa_gedung\vendor\illuminate\database\Connectors\Connector.php(46): Illuminate\Database\Connectors\Connector->createPdoConnection('mysql:host=127....', 'root', '', Array)
#2 C:\aplikasi_sewa_gedung\vendor\illuminate\database\Connectors\MySqlConnector.php(24): Illuminate\Database\Connectors\Connector->createConnection('mysql:host=127....', Array, Array)
#3 C:\aplikasi_sewa_gedung\vendor\illuminate\database\Connectors\ConnectionFactory.php(182): Illuminate\Database\Connectors\MySqlConnector->connect(Array)
#4 [internal function]: Illuminate\Database\Connectors\ConnectionFactory->Illuminate\Database\Connectors\{closure}()
#5 C:\aplikasi_sewa_gedung\vendor\illuminate\database\Connection.php(924): call_user_func(Object(Closure))
#6 C:\aplikasi_sewa_gedung\vendor\illuminate\database\Connection.php(959): Illuminate\Database\Connection->getPdo()
#7 C:\aplikasi_sewa_gedung\vendor\illuminate\database\Connection.php(404): Illuminate\Database\Connection->getReadPdo()
#8 C:\aplikasi_sewa_gedung\vendor\illuminate\database\Connection.php(330): Illuminate\Database\Connection->getPdoForSelect(true)
#9 C:\aplikasi_sewa_gedung\vendor\illuminate\database\Connection.php(662): Illuminate\Database\Connection->Illuminate\Database\{closure}('select count(*)...', Array)
#10 C:\aplikasi_sewa_gedung\vendor\illuminate\database\Connection.php(629): Illuminate\Database\Connection->runQueryCallback('select count(*)...', Array, Object(Closure))
#11 C:\aplikasi_sewa_gedung\vendor\illuminate\database\Connection.php(338): Illuminate\Database\Connection->run('select count(*)...', Array, Object(Closure))
#12 C:\aplikasi_sewa_gedung\vendor\illuminate\database\Query\Builder.php(2132): Illuminate\Database\Connection->select('select count(*)...', Array, true)
#13 C:\aplikasi_sewa_gedung\vendor\illuminate\database\Query\Builder.php(2120): Illuminate\Database\Query\Builder->runSelect()
#14 C:\aplikasi_sewa_gedung\vendor\illuminate\database\Query\Builder.php(2586): Illuminate\Database\Query\Builder->Illuminate\Database\Query\{closure}()
#15 C:\aplikasi_sewa_gedung\vendor\illuminate\database\Query\Builder.php(2121): Illuminate\Database\Query\Builder->onceWithColumns(Array, Object(Closure))
#16 C:\aplikasi_sewa_gedung\vendor\illuminate\database\Query\Builder.php(2219): Illuminate\Database\Query\Builder->get()
#17 C:\aplikasi_sewa_gedung\vendor\illuminate\database\Query\Builder.php(2190): Illuminate\Database\Query\Builder->runPaginationCountQuery(Array)
#18 C:\aplikasi_sewa_gedung\vendor\illuminate\database\Eloquent\Builder.php(706): Illuminate\Database\Query\Builder->getCountForPagination()
#19 C:\aplikasi_sewa_gedung\app\Http\Controllers\PublicController\GedungController.php(14): Illuminate\Database\Eloquent\Builder->paginate(10)
#20 [internal function]: App\Http\Controllers\PublicController\GedungController->index(Object(Laravel\Lumen\Http\Request))
#21 C:\aplikasi_sewa_gedung\vendor\illuminate\container\BoundMethod.php(32): call_user_func_array(Array, Array)
#22 C:\aplikasi_sewa_gedung\vendor\illuminate\container\Util.php(36): Illuminate\Container\BoundMethod::Illuminate\Container\{closure}()
#23 C:\aplikasi_sewa_gedung\vendor\illuminate\container\BoundMethod.php(90): Illuminate\Container\Util::unwrapIfClosure(Object(Closure))
#24 C:\aplikasi_sewa_gedung\vendor\illuminate\container\BoundMethod.php(34): Illuminate\Container\BoundMethod::callBoundMethod(Object(Laravel\Lumen\Application), Array, Object(Closure))
#25 C:\aplikasi_sewa_gedung\vendor\illuminate\container\Container.php(590): Illuminate\Container\BoundMethod::call(Object(Laravel\Lumen\Application), Array, Array, NULL)
#26 C:\aplikasi_sewa_gedung\vendor\laravel\lumen-framework\src\Concerns\RoutesRequests.php(376): Illuminate\Container\Container->call(Array, Array)
#27 C:\aplikasi_sewa_gedung\vendor\laravel\lumen-framework\src\Concerns\RoutesRequests.php(342): Laravel\Lumen\Application->callControllerCallable(Array, Array)
#28 C:\aplikasi_sewa_gedung\vendor\laravel\lumen-framework\src\Concerns\RoutesRequests.php(316): Laravel\Lumen\Application->callLumenController(Object(App\Http\Controllers\PublicController\GedungController), 'index', Array)
#29 C:\aplikasi_sewa_gedung\vendor\laravel\lumen-framework\src\Concerns\RoutesRequests.php(278): Laravel\Lumen\Application->callControllerAction(Array)
#30 C:\aplikasi_sewa_gedung\vendor\laravel\lumen-framework\src\Concerns\RoutesRequests.php(263): Laravel\Lumen\Application->callActionOnArrayBasedRoute(Array)
#31 C:\aplikasi_sewa_gedung\vendor\laravel\lumen-framework\src\Concerns\RoutesRequests.php(165): Laravel\Lumen\Application->handleFoundRoute(Array)
#32 C:\aplikasi_sewa_gedung\vendor\laravel\lumen-framework\src\Concerns\RoutesRequests.php(416): Laravel\Lumen\Application->Laravel\Lumen\Concerns\{closure}(Object(Laravel\Lumen\Http\Request))
#33 C:\aplikasi_sewa_gedung\vendor\laravel\lumen-framework\src\Concerns\RoutesRequests.php(171): Laravel\Lumen\Application->sendThroughPipeline(Array, Object(Closure))
#34 C:\aplikasi_sewa_gedung\vendor\laravel\lumen-framework\src\Concerns\RoutesRequests.php(108): Laravel\Lumen\Application->dispatch(NULL)
#35 C:\aplikasi_sewa_gedung\public\index.php(28): Laravel\Lumen\Application->run()
#36 {main}

Next Illuminate\Database\QueryException: SQLSTATE[HY000] [2002] No connection could be made because the target machine actively refused it.
 (SQL: select count(*) as aggregate from `gedung`) in C:\aplikasi_sewa_gedung\vendor\illuminate\database\Connection.php:669
Stack trace:
#0 C:\aplikasi_sewa_gedung\vendor\illuminate\database\Connection.php(629): Illuminate\Database\Connection->runQueryCallback('select count(*)...', Array, Object(Closure))
#1 C:\aplikasi_sewa_gedung\vendor\illuminate\database\Connection.php(338): Illuminate\Database\Connection->run('select count(*)...', Array, Object(Closure))
#2 C:\aplikasi_sewa_gedung\vendor\illuminate\database\Query\Builder.php(2132): Illuminate\Database\Connection->select('select count(*)...', Array, true)
#3 C:\aplikasi_sewa_gedung\vendor\illuminate\database\Query\Builder.php(2120): Illuminate\Database\Query\Builder->runSelect()
#4 C:\aplikasi_sewa_gedung\vendor\illuminate\database\Query\Builder.php(2586): Illuminate\Database\Query\Builder->Illuminate\Database\Query\{closure}()
#5 C:\aplikasi_sewa_gedung\vendor\illuminate\database\Query\Builder.php(2121): Illuminate\Database\Query\Builder->onceWithColumns(Array, Object(Closure))
#6 C:\aplikasi_sewa_gedung\vendor\illuminate\database\Query\Builder.php(2219): Illuminate\Database\Query\Builder->get()
#7 C:\aplikasi_sewa_gedung\vendor\illuminate\database\Query\Builder.php(2190): Illuminate\Database\Query\Builder->runPaginationCountQuery(Array)
#8 C:\aplikasi_sewa_gedung\vendor\illuminate\database\Eloquent\Builder.php(706): Illuminate\Database\Query\Builder->getCountForPagination()
#9 C:\aplikasi_sewa_gedung\app\Http\Controllers\PublicController\GedungController.php(14): Illuminate\Database\Eloquent\Builder->paginate(10)
#10 [internal function]: App\Http\Controllers\PublicController\GedungController->index(Object(Laravel\Lumen\Http\Request))
#11 C:\aplikasi_sewa_gedung\vendor\illuminate\container\BoundMethod.php(32): call_user_func_array(Array, Array)
#12 C:\aplikasi_sewa_gedung\vendor\illuminate\container\Util.php(36): Illuminate\Container\BoundMethod::Illuminate\Container\{closure}()
#13 C:\aplikasi_sewa_gedung\vendor\illuminate\container\BoundMethod.php(90): Illuminate\Container\Util::unwrapIfClosure(Object(Closure))
#14 C:\aplikasi_sewa_gedung\vendor\illuminate\container\BoundMethod.php(34): Illuminate\Container\BoundMethod::callBoundMethod(Object(Laravel\Lumen\Application), Array, Object(Closure))
#15 C:\aplikasi_sewa_gedung\vendor\illuminate\container\Container.php(590): Illuminate\Container\BoundMethod::call(Object(Laravel\Lumen\Application), Array, Array, NULL)
#16 C:\aplikasi_sewa_gedung\vendor\laravel\lumen-framework\src\Concerns\RoutesRequests.php(376): Illuminate\Container\Container->call(Array, Array)
#17 C:\aplikasi_sewa_gedung\vendor\laravel\lumen-framework\src\Concerns\RoutesRequests.php(342): Laravel\Lumen\Application->callControllerCallable(Array, Array)
#18 C:\aplikasi_sewa_gedung\vendor\laravel\lumen-framework\src\Concerns\RoutesRequests.php(316): Laravel\Lumen\Application->callLumenController(Object(App\Http\Controllers\PublicController\GedungController), 'index', Array)
#19 C:\aplikasi_sewa_gedung\vendor\laravel\lumen-framework\src\Concerns\RoutesRequests.php(278): Laravel\Lumen\Application->callControllerAction(Array)
#20 C:\aplikasi_sewa_gedung\vendor\laravel\lumen-framework\src\Concerns\RoutesRequests.php(263): Laravel\Lumen\Application->callActionOnArrayBasedRoute(Array)
#21 C:\aplikasi_sewa_gedung\vendor\laravel\lumen-framework\src\Concerns\RoutesRequests.php(165): Laravel\Lumen\Application->handleFoundRoute(Array)
#22 C:\aplikasi_sewa_gedung\vendor\laravel\lumen-framework\src\Concerns\RoutesRequests.php(416): Laravel\Lumen\Application->Laravel\Lumen\Concerns\{closure}(Object(Laravel\Lumen\Http\Request))
#23 C:\aplikasi_sewa_gedung\vendor\laravel\lumen-framework\src\Concerns\RoutesRequests.php(171): Laravel\Lumen\Application->sendThroughPipeline(Array, Object(Closure))
#24 C:\aplikasi_sewa_gedung\vendor\laravel\lumen-framework\src\Concerns\RoutesRequests.php(108): Laravel\Lumen\Application->dispatch(NULL)
#25 C:\aplikasi_sewa_gedung\public\index.php(28): Laravel\Lumen\Application->run()
#26 {main} {"exception":"[object] (Illuminate\\Database\\QueryException(code: 2002): SQLSTATE[HY000] [2002] No connection could be made because the target machine actively refused it.
 (SQL: select count(*) as aggregate from `gedung`) at C:\\aplikasi_sewa_gedung\\vendor\\illuminate\\database\\Connection.php:669)
[stacktrace]
#0 C:\\aplikasi_sewa_gedung\\vendor\\illuminate\\database\\Connection.php(629): Illuminate\\Database\\Connection->runQueryCallback('select count(*)...', Array, Object(Closure))
#1 C:\\aplikasi_sewa_gedung\\vendor\\illuminate\\database\\Connection.php(338): Illuminate\\Database\\Connection->run('select count(*)...', Array, Object(Closure))
#2 C:\\aplikasi_sewa_gedung\\vendor\\illuminate\\database\\Query\\Builder.php(2132): Illuminate\\Database\\Connection->select('select count(*)...', Array, true)
#3 C:\\aplikasi_sewa_gedung\\vendor\\illuminate\\database\\Query\\Builder.php(2120): Illuminate\\Database\\Query\\Builder->runSelect()
#4 C:\\aplikasi_sewa_gedung\\vendor\\illuminate\\database\\Query\\Builder.php(2586): Illuminate\\Database\\Query\\Builder->Illuminate\\Database\\Query\\{closure}()
#5 C:\\aplikasi_sewa_gedung\\vendor\\illuminate\\database\\Query\\Builder.php(2121): Illuminate\\Database\\Query\\Builder->onceWithColumns(Array, Object(Closure))
#6 C:\\aplikasi_sewa_gedung\\vendor\\illuminate\\database\\Query\\Builder.php(2219): Illuminate\\Database\\Query\\Builder->get()
#7 C:\\aplikasi_sewa_gedung\\vendor\\illuminate\\database\\Query\\Builder.php(2190): Illuminate\\Database\\Query\\Builder->runPaginationCountQuery(Array)
#8 C:\\aplikasi_sewa_gedung\\vendor\\illuminate\\database\\Eloquent\\Builder.php(706): Illuminate\\Database\\Query\\Builder->getCountForPagination()
#9 C:\\aplikasi_sewa_gedung\\app\\Http\\Controllers\\PublicController\\GedungController.php(14): Illuminate\\Database\\Eloquent\\Builder->paginate(10)
#10 [internal function]: App\\Http\\Controllers\\PublicController\\GedungController->index(Object(Laravel\\Lumen\\Http\\Request))
#11 C:\\aplikasi_sewa_gedung\\vendor\\illuminate\\container\\BoundMethod.php(32): call_user_func_array(Array, Array)
#12 C:\\aplikasi_sewa_gedung\\vendor\\illuminate\\container\\Util.php(36): Illuminate\\Container\\BoundMethod::Illuminate\\Container\\{closure}()
#13 C:\\aplikasi_sewa_gedung\\vendor\\illuminate\\container\\BoundMethod.php(90): Illuminate\\Container\\Util::unwrapIfClosure(Object(Closure))
#14 C:\\aplikasi_sewa_gedung\\vendor\\illuminate\\container\\BoundMethod.php(34): Illuminate\\Container\\BoundMethod::callBoundMethod(Object(Laravel\\Lumen\\Application), Array, Object(Closure))
#15 C:\\aplikasi_sewa_gedung\\vendor\\illuminate\\container\\Container.php(590): Illuminate\\Container\\BoundMethod::call(Object(Laravel\\Lumen\\Application), Array, Array, NULL)
#16 C:\\aplikasi_sewa_gedung\\vendor\\laravel\\lumen-framework\\src\\Concerns\\RoutesRequests.php(376): Illuminate\\Container\\Container->call(Array, Array)
#17 C:\\aplikasi_sewa_gedung\\vendor\\laravel\\lumen-framework\\src\\Concerns\\RoutesRequests.php(342): Laravel\\Lumen\\Application->callControllerCallable(Array, Array)
#18 C:\\aplikasi_sewa_gedung\\vendor\\laravel\\lumen-framework\\src\\Concerns\\RoutesRequests.php(316): Laravel\\Lumen\\Application->callLumenController(Object(App\\Http\\Controllers\\PublicController\\GedungController), 'index', Array)
#19 C:\\aplikasi_sewa_gedung\\vendor\\laravel\\lumen-framework\\src\\Concerns\\RoutesRequests.php(278): Laravel\\Lumen\\Application->callControllerAction(Array)
#20 C:\\aplikasi_sewa_gedung\\vendor\\laravel\\lumen-framework\\src\\Concerns\\RoutesRequests.php(263): Laravel\\Lumen\\Application->callActionOnArrayBasedRoute(Array)
#21 C:\\aplikasi_sewa_gedung\\vendor\\laravel\\lumen-framework\\src\\Concerns\\RoutesRequests.php(165): Laravel\\Lumen\\Application->handleFoundRoute(Array)
#22 C:\\aplikasi_sewa_gedung\\vendor\\laravel\\lumen-framework\\src\\Concerns\\RoutesRequests.php(416): Laravel\\Lumen\\Application->Laravel\\Lumen\\Concerns\\{closure}(Object(Laravel\\Lumen\\Http\\Request))
#23 C:\\aplikasi_sewa_gedung\\vendor\\laravel\\lumen-framework\\src\\Concerns\\RoutesRequests.php(171): Laravel\\Lumen\\Application->sendThroughPipeline(Array, Object(Closure))
#24 C:\\aplikasi_sewa_gedung\\vendor\\laravel\\lumen-framework\\src\\Concerns\\RoutesRequests.php(108): Laravel\\Lumen\\Application->dispatch(NULL)
#25 C:\\aplikasi_sewa_gedung\\public\\index.php(28): Laravel\\Lumen\\Application->run()
#26 {main}

[previous exception] [object] (PDOException(code: 2002): SQLSTATE[HY000] [2002] No connection could be made because the target machine actively refused it.
 at C:\\aplikasi_sewa_gedung\\vendor\\illuminate\\database\\Connectors\\Connector.php:70)
[stacktrace]
#0 C:\\aplikasi_sewa_gedung\\vendor\\illuminate\\database\\Connectors\\Connector.php(70): PDO->__construct('mysql:host=127....', 'root', '', Array)
#1 C:\\aplikasi_sewa_gedung\\vendor\\illuminate\\database\\Connectors\\Connector.php(46): Illuminate\\Database\\Connectors\\Connector->createPdoConnection('mysql:host=127....', 'root', '', Array)
#2 C:\\aplikasi_sewa_gedung\\vendor\\illuminate\\database\\Connectors\\MySqlConnector.php(24): Illuminate\\Database\\Connectors\\Connector->createConnection('mysql:host=127....', Array, Array)
#3 C:\\aplikasi_sewa_gedung\\vendor\\illuminate\\database\\Connectors\\ConnectionFactory.php(182): Illuminate\\Database\\Connectors\\MySqlConnector->connect(Array)
#4 [internal function]: Illuminate\\Database\\Connectors\\ConnectionFactory->Illuminate\\Database\\Connectors\\{closure}()
#5 C:\\aplikasi_sewa_gedung\\vendor\\illuminate\\database\\Connection.php(924): call_user_func(Object(Closure))
#6 C:\\aplikasi_sewa_gedung\\vendor\\illuminate\\database\\Connection.php(959): Illuminate\\Database\\Connection->getPdo()
#7 C:\\aplikasi_sewa_gedung\\vendor\\illuminate\\database\\Connection.php(404): Illuminate\\Database\\Connection->getReadPdo()
#8 C:\\aplikasi_sewa_gedung\\vendor\\illuminate\\database\\Connection.php(330): Illuminate\\Database\\Connection->getPdoForSelect(true)
#9 C:\\aplikasi_sewa_gedung\\vendor\\illuminate\\database\\Connection.php(662): Illuminate\\Database\\Connection->Illuminate\\Database\\{closure}('select count(*)...', Array)
#10 C:\\aplikasi_sewa_gedung\\vendor\\illuminate\\database\\Connection.php(629): Illuminate\\Database\\Connection->runQueryCallback('select count(*)...', Array, Object(Closure))
#11 C:\\aplikasi_sewa_gedung\\vendor\\illuminate\\database\\Connection.php(338): Illuminate\\Database\\Connection->run('select count(*)...', Array, Object(Closure))
#12 C:\\aplikasi_sewa_gedung\\vendor\\illuminate\\database\\Query\\Builder.php(2132): Illuminate\\Database\\Connection->select('select count(*)...', Array, true)
#13 C:\\aplikasi_sewa_gedung\\vendor\\illuminate\\database\\Query\\Builder.php(2120): Illuminate\\Database\\Query\\Builder->runSelect()
#14 C:\\aplikasi_sewa_gedung\\vendor\\illuminate\\database\\Query\\Builder.php(2586): Illuminate\\Database\\Query\\Builder->Illuminate\\Database\\Query\\{closure}()
#15 C:\\aplikasi_sewa_gedung\\vendor\\illuminate\\database\\Query\\Builder.php(2121): Illuminate\\Database\\Query\\Builder->onceWithColumns(Array, Object(Closure))
#16 C:\\aplikasi_sewa_gedung\\vendor\\illuminate\\database\\Query\\Builder.php(2219): Illuminate\\Database\\Query\\Builder->get()
#17 C:\\aplikasi_sewa_gedung\\vendor\\illuminate\\database\\Query\\Builder.php(2190): Illuminate\\Database\\Query\\Builder->runPaginationCountQuery(Array)
#18 C:\\aplikasi_sewa_gedung\\vendor\\illuminate\\database\\Eloquent\\Builder.php(706): Illuminate\\Database\\Query\\Builder->getCountForPagination()
#19 C:\\aplikasi_sewa_gedung\\app\\Http\\Controllers\\PublicController\\GedungController.php(14): Illuminate\\Database\\Eloquent\\Builder->paginate(10)
#20 [internal function]: App\\Http\\Controllers\\PublicController\\GedungController->index(Object(Laravel\\Lumen\\Http\\Request))
#21 C:\\aplikasi_sewa_gedung\\vendor\\illuminate\\container\\BoundMethod.php(32): call_user_func_array(Array, Array)
#22 C:\\aplikasi_sewa_gedung\\vendor\\illuminate\\container\\Util.php(36): Illuminate\\Container\\BoundMethod::Illuminate\\Container\\{closure}()
#23 C:\\aplikasi_sewa_gedung\\vendor\\illuminate\\container\\BoundMethod.php(90): Illuminate\\Container\\Util::unwrapIfClosure(Object(Closure))
#24 C:\\aplikasi_sewa_gedung\\vendor\\illuminate\\container\\BoundMethod.php(34): Illuminate\\Container\\BoundMethod::callBoundMethod(Object(Laravel\\Lumen\\Application), Array, Object(Closure))
#25 C:\\aplikasi_sewa_gedung\\vendor\\illuminate\\container\\Container.php(590): Illuminate\\Container\\BoundMethod::call(Object(Laravel\\Lumen\\Application), Array, Array, NULL)
#26 C:\\aplikasi_sewa_gedung\\vendor\\laravel\\lumen-framework\\src\\Concerns\\RoutesRequests.php(376): Illuminate\\Container\\Container->call(Array, Array)
#27 C:\\aplikasi_sewa_gedung\\vendor\\laravel\\lumen-framework\\src\\Concerns\\RoutesRequests.php(342): Laravel\\Lumen\\Application->callControllerCallable(Array, Array)
#28 C:\\aplikasi_sewa_gedung\\vendor\\laravel\\lumen-framework\\src\\Concerns\\RoutesRequests.php(316): Laravel\\Lumen\\Application->callLumenController(Object(App\\Http\\Controllers\\PublicController\\GedungController), 'index', Array)
#29 C:\\aplikasi_sewa_gedung\\vendor\\laravel\\lumen-framework\\src\\Concerns\\RoutesRequests.php(278): Laravel\\Lumen\\Application->callControllerAction(Array)
#30 C:\\aplikasi_sewa_gedung\\vendor\\laravel\\lumen-framework\\src\\Concerns\\RoutesRequests.php(263): Laravel\\Lumen\\Application->callActionOnArrayBasedRoute(Array)
#31 C:\\aplikasi_sewa_gedung\\vendor\\laravel\\lumen-framework\\src\\Concerns\\RoutesRequests.php(165): Laravel\\Lumen\\Application->handleFoundRoute(Array)
#32 C:\\aplikasi_sewa_gedung\\vendor\\laravel\\lumen-framework\\src\\Concerns\\RoutesRequests.php(416): Laravel\\Lumen\\Application->Laravel\\Lumen\\Concerns\\{closure}(Object(Laravel\\Lumen\\Http\\Request))
#33 C:\\aplikasi_sewa_gedung\\vendor\\laravel\\lumen-framework\\src\\Concerns\\RoutesRequests.php(171): Laravel\\Lumen\\Application->sendThroughPipeline(Array, Object(Closure))
#34 C:\\aplikasi_sewa_gedung\\vendor\\laravel\\lumen-framework\\src\\Concerns\\RoutesRequests.php(108): Laravel\\Lumen\\Application->dispatch(NULL)
#35 C:\\aplikasi_sewa_gedung\\public\\index.php(28): Laravel\\Lumen\\Application->run()
#36 {main}
"} 
[2020-01-24 10:14:27] local.ERROR: PDOException: SQLSTATE[HY000] [2002] No connection could be made because the target machine actively refused it.
 in C:\aplikasi_sewa_gedung\vendor\illuminate\database\Connectors\Connector.php:70
Stack trace:
#0 C:\aplikasi_sewa_gedung\vendor\illuminate\database\Connectors\Connector.php(70): PDO->__construct('mysql:host=127....', 'root', '', Array)
#1 C:\aplikasi_sewa_gedung\vendor\illuminate\database\Connectors\Connector.php(46): Illuminate\Database\Connectors\Connector->createPdoConnection('mysql:host=127....', 'root', '', Array)
#2 C:\aplikasi_sewa_gedung\vendor\illuminate\database\Connectors\MySqlConnector.php(24): Illuminate\Database\Connectors\Connector->createConnection('mysql:host=127....', Array, Array)
#3 C:\aplikasi_sewa_gedung\vendor\illuminate\database\Connectors\ConnectionFactory.php(182): Illuminate\Database\Connectors\MySqlConnector->connect(Array)
#4 [internal function]: Illuminate\Database\Connectors\ConnectionFactory->Illuminate\Database\Connectors\{closure}()
#5 C:\aplikasi_sewa_gedung\vendor\illuminate\database\Connection.php(924): call_user_func(Object(Closure))
#6 C:\aplikasi_sewa_gedung\vendor\illuminate\database\Connection.php(959): Illuminate\Database\Connection->getPdo()
#7 C:\aplikasi_sewa_gedung\vendor\illuminate\database\Connection.php(404): Illuminate\Database\Connection->getReadPdo()
#8 C:\aplikasi_sewa_gedung\vendor\illuminate\database\Connection.php(330): Illuminate\Database\Connection->getPdoForSelect(true)
#9 C:\aplikasi_sewa_gedung\vendor\illuminate\database\Connection.php(662): Illuminate\Database\Connection->Illuminate\Database\{closure}('select count(*)...', Array)
#10 C:\aplikasi_sewa_gedung\vendor\illuminate\database\Connection.php(629): Illuminate\Database\Connection->runQueryCallback('select count(*)...', Array, Object(Closure))
#11 C:\aplikasi_sewa_gedung\vendor\illuminate\database\Connection.php(338): Illuminate\Database\Connection->run('select count(*)...', Array, Object(Closure))
#12 C:\aplikasi_sewa_gedung\vendor\illuminate\database\Query\Builder.php(2132): Illuminate\Database\Connection->select('select count(*)...', Array, true)
#13 C:\aplikasi_sewa_gedung\vendor\illuminate\database\Query\Builder.php(2120): Illuminate\Database\Query\Builder->runSelect()
#14 C:\aplikasi_sewa_gedung\vendor\illuminate\database\Query\Builder.php(2586): Illuminate\Database\Query\Builder->Illuminate\Database\Query\{closure}()
#15 C:\aplikasi_sewa_gedung\vendor\illuminate\database\Query\Builder.php(2121): Illuminate\Database\Query\Builder->onceWithColumns(Array, Object(Closure))
#16 C:\aplikasi_sewa_gedung\vendor\illuminate\database\Query\Builder.php(2219): Illuminate\Database\Query\Builder->get()
#17 C:\aplikasi_sewa_gedung\vendor\illuminate\database\Query\Builder.php(2190): Illuminate\Database\Query\Builder->runPaginationCountQuery(Array)
#18 C:\aplikasi_sewa_gedung\vendor\illuminate\database\Eloquent\Builder.php(706): Illuminate\Database\Query\Builder->getCountForPagination()
#19 C:\aplikasi_sewa_gedung\app\Http\Controllers\PublicController\GedungController.php(14): Illuminate\Database\Eloquent\Builder->paginate(10)
#20 [internal function]: App\Http\Controllers\PublicController\GedungController->index(Object(Laravel\Lumen\Http\Request))
#21 C:\aplikasi_sewa_gedung\vendor\illuminate\container\BoundMethod.php(32): call_user_func_array(Array, Array)
#22 C:\aplikasi_sewa_gedung\vendor\illuminate\container\Util.php(36): Illuminate\Container\BoundMethod::Illuminate\Container\{closure}()
#23 C:\aplikasi_sewa_gedung\vendor\illuminate\container\BoundMethod.php(90): Illuminate\Container\Util::unwrapIfClosure(Object(Closure))
#24 C:\aplikasi_sewa_gedung\vendor\illuminate\container\BoundMethod.php(34): Illuminate\Container\BoundMethod::callBoundMethod(Object(Laravel\Lumen\Application), Array, Object(Closure))
#25 C:\aplikasi_sewa_gedung\vendor\illuminate\container\Container.php(590): Illuminate\Container\BoundMethod::call(Object(Laravel\Lumen\Application), Array, Array, NULL)
#26 C:\aplikasi_sewa_gedung\vendor\laravel\lumen-framework\src\Concerns\RoutesRequests.php(376): Illuminate\Container\Container->call(Array, Array)
#27 C:\aplikasi_sewa_gedung\vendor\laravel\lumen-framework\src\Concerns\RoutesRequests.php(342): Laravel\Lumen\Application->callControllerCallable(Array, Array)
#28 C:\aplikasi_sewa_gedung\vendor\laravel\lumen-framework\src\Concerns\RoutesRequests.php(316): Laravel\Lumen\Application->callLumenController(Object(App\Http\Controllers\PublicController\GedungController), 'index', Array)
#29 C:\aplikasi_sewa_gedung\vendor\laravel\lumen-framework\src\Concerns\RoutesRequests.php(278): Laravel\Lumen\Application->callControllerAction(Array)
#30 C:\aplikasi_sewa_gedung\vendor\laravel\lumen-framework\src\Concerns\RoutesRequests.php(263): Laravel\Lumen\Application->callActionOnArrayBasedRoute(Array)
#31 C:\aplikasi_sewa_gedung\vendor\laravel\lumen-framework\src\Concerns\RoutesRequests.php(165): Laravel\Lumen\Application->handleFoundRoute(Array)
#32 C:\aplikasi_sewa_gedung\vendor\laravel\lumen-framework\src\Concerns\RoutesRequests.php(416): Laravel\Lumen\Application->Laravel\Lumen\Concerns\{closure}(Object(Laravel\Lumen\Http\Request))
#33 C:\aplikasi_sewa_gedung\vendor\laravel\lumen-framework\src\Concerns\RoutesRequests.php(171): Laravel\Lumen\Application->sendThroughPipeline(Array, Object(Closure))
#34 C:\aplikasi_sewa_gedung\vendor\laravel\lumen-framework\src\Concerns\RoutesRequests.php(108): Laravel\Lumen\Application->dispatch(NULL)
#35 C:\aplikasi_sewa_gedung\public\index.php(28): Laravel\Lumen\Application->run()
#36 {main}

Next Illuminate\Database\QueryException: SQLSTATE[HY000] [2002] No connection could be made because the target machine actively refused it.
 (SQL: select count(*) as aggregate from `gedung`) in C:\aplikasi_sewa_gedung\vendor\illuminate\database\Connection.php:669
Stack trace:
#0 C:\aplikasi_sewa_gedung\vendor\illuminate\database\Connection.php(629): Illuminate\Database\Connection->runQueryCallback('select count(*)...', Array, Object(Closure))
#1 C:\aplikasi_sewa_gedung\vendor\illuminate\database\Connection.php(338): Illuminate\Database\Connection->run('select count(*)...', Array, Object(Closure))
#2 C:\aplikasi_sewa_gedung\vendor\illuminate\database\Query\Builder.php(2132): Illuminate\Database\Connection->select('select count(*)...', Array, true)
#3 C:\aplikasi_sewa_gedung\vendor\illuminate\database\Query\Builder.php(2120): Illuminate\Database\Query\Builder->runSelect()
#4 C:\aplikasi_sewa_gedung\vendor\illuminate\database\Query\Builder.php(2586): Illuminate\Database\Query\Builder->Illuminate\Database\Query\{closure}()
#5 C:\aplikasi_sewa_gedung\vendor\illuminate\database\Query\Builder.php(2121): Illuminate\Database\Query\Builder->onceWithColumns(Array, Object(Closure))
#6 C:\aplikasi_sewa_gedung\vendor\illuminate\database\Query\Builder.php(2219): Illuminate\Database\Query\Builder->get()
#7 C:\aplikasi_sewa_gedung\vendor\illuminate\database\Query\Builder.php(2190): Illuminate\Database\Query\Builder->runPaginationCountQuery(Array)
#8 C:\aplikasi_sewa_gedung\vendor\illuminate\database\Eloquent\Builder.php(706): Illuminate\Database\Query\Builder->getCountForPagination()
#9 C:\aplikasi_sewa_gedung\app\Http\Controllers\PublicController\GedungController.php(14): Illuminate\Database\Eloquent\Builder->paginate(10)
#10 [internal function]: App\Http\Controllers\PublicController\GedungController->index(Object(Laravel\Lumen\Http\Request))
#11 C:\aplikasi_sewa_gedung\vendor\illuminate\container\BoundMethod.php(32): call_user_func_array(Array, Array)
#12 C:\aplikasi_sewa_gedung\vendor\illuminate\container\Util.php(36): Illuminate\Container\BoundMethod::Illuminate\Container\{closure}()
#13 C:\aplikasi_sewa_gedung\vendor\illuminate\container\BoundMethod.php(90): Illuminate\Container\Util::unwrapIfClosure(Object(Closure))
#14 C:\aplikasi_sewa_gedung\vendor\illuminate\container\BoundMethod.php(34): Illuminate\Container\BoundMethod::callBoundMethod(Object(Laravel\Lumen\Application), Array, Object(Closure))
#15 C:\aplikasi_sewa_gedung\vendor\illuminate\container\Container.php(590): Illuminate\Container\BoundMethod::call(Object(Laravel\Lumen\Application), Array, Array, NULL)
#16 C:\aplikasi_sewa_gedung\vendor\laravel\lumen-framework\src\Concerns\RoutesRequests.php(376): Illuminate\Container\Container->call(Array, Array)
#17 C:\aplikasi_sewa_gedung\vendor\laravel\lumen-framework\src\Concerns\RoutesRequests.php(342): Laravel\Lumen\Application->callControllerCallable(Array, Array)
#18 C:\aplikasi_sewa_gedung\vendor\laravel\lumen-framework\src\Concerns\RoutesRequests.php(316): Laravel\Lumen\Application->callLumenController(Object(App\Http\Controllers\PublicController\GedungController), 'index', Array)
#19 C:\aplikasi_sewa_gedung\vendor\laravel\lumen-framework\src\Concerns\RoutesRequests.php(278): Laravel\Lumen\Application->callControllerAction(Array)
#20 C:\aplikasi_sewa_gedung\vendor\laravel\lumen-framework\src\Concerns\RoutesRequests.php(263): Laravel\Lumen\Application->callActionOnArrayBasedRoute(Array)
#21 C:\aplikasi_sewa_gedung\vendor\laravel\lumen-framework\src\Concerns\RoutesRequests.php(165): Laravel\Lumen\Application->handleFoundRoute(Array)
#22 C:\aplikasi_sewa_gedung\vendor\laravel\lumen-framework\src\Concerns\RoutesRequests.php(416): Laravel\Lumen\Application->Laravel\Lumen\Concerns\{closure}(Object(Laravel\Lumen\Http\Request))
#23 C:\aplikasi_sewa_gedung\vendor\laravel\lumen-framework\src\Concerns\RoutesRequests.php(171): Laravel\Lumen\Application->sendThroughPipeline(Array, Object(Closure))
#24 C:\aplikasi_sewa_gedung\vendor\laravel\lumen-framework\src\Concerns\RoutesRequests.php(108): Laravel\Lumen\Application->dispatch(NULL)
#25 C:\aplikasi_sewa_gedung\public\index.php(28): Laravel\Lumen\Application->run()
#26 {main} {"exception":"[object] (Illuminate\\Database\\QueryException(code: 2002): SQLSTATE[HY000] [2002] No connection could be made because the target machine actively refused it.
 (SQL: select count(*) as aggregate from `gedung`) at C:\\aplikasi_sewa_gedung\\vendor\\illuminate\\database\\Connection.php:669)
[stacktrace]
#0 C:\\aplikasi_sewa_gedung\\vendor\\illuminate\\database\\Connection.php(629): Illuminate\\Database\\Connection->runQueryCallback('select count(*)...', Array, Object(Closure))
#1 C:\\aplikasi_sewa_gedung\\vendor\\illuminate\\database\\Connection.php(338): Illuminate\\Database\\Connection->run('select count(*)...', Array, Object(Closure))
#2 C:\\aplikasi_sewa_gedung\\vendor\\illuminate\\database\\Query\\Builder.php(2132): Illuminate\\Database\\Connection->select('select count(*)...', Array, true)
#3 C:\\aplikasi_sewa_gedung\\vendor\\illuminate\\database\\Query\\Builder.php(2120): Illuminate\\Database\\Query\\Builder->runSelect()
#4 C:\\aplikasi_sewa_gedung\\vendor\\illuminate\\database\\Query\\Builder.php(2586): Illuminate\\Database\\Query\\Builder->Illuminate\\Database\\Query\\{closure}()
#5 C:\\aplikasi_sewa_gedung\\vendor\\illuminate\\database\\Query\\Builder.php(2121): Illuminate\\Database\\Query\\Builder->onceWithColumns(Array, Object(Closure))
#6 C:\\aplikasi_sewa_gedung\\vendor\\illuminate\\database\\Query\\Builder.php(2219): Illuminate\\Database\\Query\\Builder->get()
#7 C:\\aplikasi_sewa_gedung\\vendor\\illuminate\\database\\Query\\Builder.php(2190): Illuminate\\Database\\Query\\Builder->runPaginationCountQuery(Array)
#8 C:\\aplikasi_sewa_gedung\\vendor\\illuminate\\database\\Eloquent\\Builder.php(706): Illuminate\\Database\\Query\\Builder->getCountForPagination()
#9 C:\\aplikasi_sewa_gedung\\app\\Http\\Controllers\\PublicController\\GedungController.php(14): Illuminate\\Database\\Eloquent\\Builder->paginate(10)
#10 [internal function]: App\\Http\\Controllers\\PublicController\\GedungController->index(Object(Laravel\\Lumen\\Http\\Request))
#11 C:\\aplikasi_sewa_gedung\\vendor\\illuminate\\container\\BoundMethod.php(32): call_user_func_array(Array, Array)
#12 C:\\aplikasi_sewa_gedung\\vendor\\illuminate\\container\\Util.php(36): Illuminate\\Container\\BoundMethod::Illuminate\\Container\\{closure}()
#13 C:\\aplikasi_sewa_gedung\\vendor\\illuminate\\container\\BoundMethod.php(90): Illuminate\\Container\\Util::unwrapIfClosure(Object(Closure))
#14 C:\\aplikasi_sewa_gedung\\vendor\\illuminate\\container\\BoundMethod.php(34): Illuminate\\Container\\BoundMethod::callBoundMethod(Object(Laravel\\Lumen\\Application), Array, Object(Closure))
#15 C:\\aplikasi_sewa_gedung\\vendor\\illuminate\\container\\Container.php(590): Illuminate\\Container\\BoundMethod::call(Object(Laravel\\Lumen\\Application), Array, Array, NULL)
#16 C:\\aplikasi_sewa_gedung\\vendor\\laravel\\lumen-framework\\src\\Concerns\\RoutesRequests.php(376): Illuminate\\Container\\Container->call(Array, Array)
#17 C:\\aplikasi_sewa_gedung\\vendor\\laravel\\lumen-framework\\src\\Concerns\\RoutesRequests.php(342): Laravel\\Lumen\\Application->callControllerCallable(Array, Array)
#18 C:\\aplikasi_sewa_gedung\\vendor\\laravel\\lumen-framework\\src\\Concerns\\RoutesRequests.php(316): Laravel\\Lumen\\Application->callLumenController(Object(App\\Http\\Controllers\\PublicController\\GedungController), 'index', Array)
#19 C:\\aplikasi_sewa_gedung\\vendor\\laravel\\lumen-framework\\src\\Concerns\\RoutesRequests.php(278): Laravel\\Lumen\\Application->callControllerAction(Array)
#20 C:\\aplikasi_sewa_gedung\\vendor\\laravel\\lumen-framework\\src\\Concerns\\RoutesRequests.php(263): Laravel\\Lumen\\Application->callActionOnArrayBasedRoute(Array)
#21 C:\\aplikasi_sewa_gedung\\vendor\\laravel\\lumen-framework\\src\\Concerns\\RoutesRequests.php(165): Laravel\\Lumen\\Application->handleFoundRoute(Array)
#22 C:\\aplikasi_sewa_gedung\\vendor\\laravel\\lumen-framework\\src\\Concerns\\RoutesRequests.php(416): Laravel\\Lumen\\Application->Laravel\\Lumen\\Concerns\\{closure}(Object(Laravel\\Lumen\\Http\\Request))
#23 C:\\aplikasi_sewa_gedung\\vendor\\laravel\\lumen-framework\\src\\Concerns\\RoutesRequests.php(171): Laravel\\Lumen\\Application->sendThroughPipeline(Array, Object(Closure))
#24 C:\\aplikasi_sewa_gedung\\vendor\\laravel\\lumen-framework\\src\\Concerns\\RoutesRequests.php(108): Laravel\\Lumen\\Application->dispatch(NULL)
#25 C:\\aplikasi_sewa_gedung\\public\\index.php(28): Laravel\\Lumen\\Application->run()
#26 {main}

[previous exception] [object] (PDOException(code: 2002): SQLSTATE[HY000] [2002] No connection could be made because the target machine actively refused it.
 at C:\\aplikasi_sewa_gedung\\vendor\\illuminate\\database\\Connectors\\Connector.php:70)
[stacktrace]
#0 C:\\aplikasi_sewa_gedung\\vendor\\illuminate\\database\\Connectors\\Connector.php(70): PDO->__construct('mysql:host=127....', 'root', '', Array)
#1 C:\\aplikasi_sewa_gedung\\vendor\\illuminate\\database\\Connectors\\Connector.php(46): Illuminate\\Database\\Connectors\\Connector->createPdoConnection('mysql:host=127....', 'root', '', Array)
#2 C:\\aplikasi_sewa_gedung\\vendor\\illuminate\\database\\Connectors\\MySqlConnector.php(24): Illuminate\\Database\\Connectors\\Connector->createConnection('mysql:host=127....', Array, Array)
#3 C:\\aplikasi_sewa_gedung\\vendor\\illuminate\\database\\Connectors\\ConnectionFactory.php(182): Illuminate\\Database\\Connectors\\MySqlConnector->connect(Array)
#4 [internal function]: Illuminate\\Database\\Connectors\\ConnectionFactory->Illuminate\\Database\\Connectors\\{closure}()
#5 C:\\aplikasi_sewa_gedung\\vendor\\illuminate\\database\\Connection.php(924): call_user_func(Object(Closure))
#6 C:\\aplikasi_sewa_gedung\\vendor\\illuminate\\database\\Connection.php(959): Illuminate\\Database\\Connection->getPdo()
#7 C:\\aplikasi_sewa_gedung\\vendor\\illuminate\\database\\Connection.php(404): Illuminate\\Database\\Connection->getReadPdo()
#8 C:\\aplikasi_sewa_gedung\\vendor\\illuminate\\database\\Connection.php(330): Illuminate\\Database\\Connection->getPdoForSelect(true)
#9 C:\\aplikasi_sewa_gedung\\vendor\\illuminate\\database\\Connection.php(662): Illuminate\\Database\\Connection->Illuminate\\Database\\{closure}('select count(*)...', Array)
#10 C:\\aplikasi_sewa_gedung\\vendor\\illuminate\\database\\Connection.php(629): Illuminate\\Database\\Connection->runQueryCallback('select count(*)...', Array, Object(Closure))
#11 C:\\aplikasi_sewa_gedung\\vendor\\illuminate\\database\\Connection.php(338): Illuminate\\Database\\Connection->run('select count(*)...', Array, Object(Closure))
#12 C:\\aplikasi_sewa_gedung\\vendor\\illuminate\\database\\Query\\Builder.php(2132): Illuminate\\Database\\Connection->select('select count(*)...', Array, true)
#13 C:\\aplikasi_sewa_gedung\\vendor\\illuminate\\database\\Query\\Builder.php(2120): Illuminate\\Database\\Query\\Builder->runSelect()
#14 C:\\aplikasi_sewa_gedung\\vendor\\illuminate\\database\\Query\\Builder.php(2586): Illuminate\\Database\\Query\\Builder->Illuminate\\Database\\Query\\{closure}()
#15 C:\\aplikasi_sewa_gedung\\vendor\\illuminate\\database\\Query\\Builder.php(2121): Illuminate\\Database\\Query\\Builder->onceWithColumns(Array, Object(Closure))
#16 C:\\aplikasi_sewa_gedung\\vendor\\illuminate\\database\\Query\\Builder.php(2219): Illuminate\\Database\\Query\\Builder->get()
#17 C:\\aplikasi_sewa_gedung\\vendor\\illuminate\\database\\Query\\Builder.php(2190): Illuminate\\Database\\Query\\Builder->runPaginationCountQuery(Array)
#18 C:\\aplikasi_sewa_gedung\\vendor\\illuminate\\database\\Eloquent\\Builder.php(706): Illuminate\\Database\\Query\\Builder->getCountForPagination()
#19 C:\\aplikasi_sewa_gedung\\app\\Http\\Controllers\\PublicController\\GedungController.php(14): Illuminate\\Database\\Eloquent\\Builder->paginate(10)
#20 [internal function]: App\\Http\\Controllers\\PublicController\\GedungController->index(Object(Laravel\\Lumen\\Http\\Request))
#21 C:\\aplikasi_sewa_gedung\\vendor\\illuminate\\container\\BoundMethod.php(32): call_user_func_array(Array, Array)
#22 C:\\aplikasi_sewa_gedung\\vendor\\illuminate\\container\\Util.php(36): Illuminate\\Container\\BoundMethod::Illuminate\\Container\\{closure}()
#23 C:\\aplikasi_sewa_gedung\\vendor\\illuminate\\container\\BoundMethod.php(90): Illuminate\\Container\\Util::unwrapIfClosure(Object(Closure))
#24 C:\\aplikasi_sewa_gedung\\vendor\\illuminate\\container\\BoundMethod.php(34): Illuminate\\Container\\BoundMethod::callBoundMethod(Object(Laravel\\Lumen\\Application), Array, Object(Closure))
#25 C:\\aplikasi_sewa_gedung\\vendor\\illuminate\\container\\Container.php(590): Illuminate\\Container\\BoundMethod::call(Object(Laravel\\Lumen\\Application), Array, Array, NULL)
#26 C:\\aplikasi_sewa_gedung\\vendor\\laravel\\lumen-framework\\src\\Concerns\\RoutesRequests.php(376): Illuminate\\Container\\Container->call(Array, Array)
#27 C:\\aplikasi_sewa_gedung\\vendor\\laravel\\lumen-framework\\src\\Concerns\\RoutesRequests.php(342): Laravel\\Lumen\\Application->callControllerCallable(Array, Array)
#28 C:\\aplikasi_sewa_gedung\\vendor\\laravel\\lumen-framework\\src\\Concerns\\RoutesRequests.php(316): Laravel\\Lumen\\Application->callLumenController(Object(App\\Http\\Controllers\\PublicController\\GedungController), 'index', Array)
#29 C:\\aplikasi_sewa_gedung\\vendor\\laravel\\lumen-framework\\src\\Concerns\\RoutesRequests.php(278): Laravel\\Lumen\\Application->callControllerAction(Array)
#30 C:\\aplikasi_sewa_gedung\\vendor\\laravel\\lumen-framework\\src\\Concerns\\RoutesRequests.php(263): Laravel\\Lumen\\Application->callActionOnArrayBasedRoute(Array)
#31 C:\\aplikasi_sewa_gedung\\vendor\\laravel\\lumen-framework\\src\\Concerns\\RoutesRequests.php(165): Laravel\\Lumen\\Application->handleFoundRoute(Array)
#32 C:\\aplikasi_sewa_gedung\\vendor\\laravel\\lumen-framework\\src\\Concerns\\RoutesRequests.php(416): Laravel\\Lumen\\Application->Laravel\\Lumen\\Concerns\\{closure}(Object(Laravel\\Lumen\\Http\\Request))
#33 C:\\aplikasi_sewa_gedung\\vendor\\laravel\\lumen-framework\\src\\Concerns\\RoutesRequests.php(171): Laravel\\Lumen\\Application->sendThroughPipeline(Array, Object(Closure))
#34 C:\\aplikasi_sewa_gedung\\vendor\\laravel\\lumen-framework\\src\\Concerns\\RoutesRequests.php(108): Laravel\\Lumen\\Application->dispatch(NULL)
#35 C:\\aplikasi_sewa_gedung\\public\\index.php(28): Laravel\\Lumen\\Application->run()
#36 {main}
"} 
[2020-01-24 10:15:11] local.ERROR: PDOException: SQLSTATE[HY000] [2002] No connection could be made because the target machine actively refused it.
 in C:\aplikasi_sewa_gedung\vendor\illuminate\database\Connectors\Connector.php:70
Stack trace:
#0 C:\aplikasi_sewa_gedung\vendor\illuminate\database\Connectors\Connector.php(70): PDO->__construct('mysql:host=127....', 'root', '', Array)
#1 C:\aplikasi_sewa_gedung\vendor\illuminate\database\Connectors\Connector.php(46): Illuminate\Database\Connectors\Connector->createPdoConnection('mysql:host=127....', 'root', '', Array)
#2 C:\aplikasi_sewa_gedung\vendor\illuminate\database\Connectors\MySqlConnector.php(24): Illuminate\Database\Connectors\Connector->createConnection('mysql:host=127....', Array, Array)
#3 C:\aplikasi_sewa_gedung\vendor\illuminate\database\Connectors\ConnectionFactory.php(182): Illuminate\Database\Connectors\MySqlConnector->connect(Array)
#4 [internal function]: Illuminate\Database\Connectors\ConnectionFactory->Illuminate\Database\Connectors\{closure}()
#5 C:\aplikasi_sewa_gedung\vendor\illuminate\database\Connection.php(924): call_user_func(Object(Closure))
#6 C:\aplikasi_sewa_gedung\vendor\illuminate\database\Connection.php(959): Illuminate\Database\Connection->getPdo()
#7 C:\aplikasi_sewa_gedung\vendor\illuminate\database\Connection.php(404): Illuminate\Database\Connection->getReadPdo()
#8 C:\aplikasi_sewa_gedung\vendor\illuminate\database\Connection.php(330): Illuminate\Database\Connection->getPdoForSelect(true)
#9 C:\aplikasi_sewa_gedung\vendor\illuminate\database\Connection.php(662): Illuminate\Database\Connection->Illuminate\Database\{closure}('select * from `...', Array)
#10 C:\aplikasi_sewa_gedung\vendor\illuminate\database\Connection.php(629): Illuminate\Database\Connection->runQueryCallback('select * from `...', Array, Object(Closure))
#11 C:\aplikasi_sewa_gedung\vendor\illuminate\database\Connection.php(338): Illuminate\Database\Connection->run('select * from `...', Array, Object(Closure))
#12 C:\aplikasi_sewa_gedung\vendor\illuminate\database\Query\Builder.php(2132): Illuminate\Database\Connection->select('select * from `...', Array, true)
#13 C:\aplikasi_sewa_gedung\vendor\illuminate\database\Query\Builder.php(2120): Illuminate\Database\Query\Builder->runSelect()
#14 C:\aplikasi_sewa_gedung\vendor\illuminate\database\Query\Builder.php(2586): Illuminate\Database\Query\Builder->Illuminate\Database\Query\{closure}()
#15 C:\aplikasi_sewa_gedung\vendor\illuminate\database\Query\Builder.php(2121): Illuminate\Database\Query\Builder->onceWithColumns(Array, Object(Closure))
#16 C:\aplikasi_sewa_gedung\vendor\illuminate\database\Eloquent\Builder.php(523): Illuminate\Database\Query\Builder->get(Array)
#17 C:\aplikasi_sewa_gedung\vendor\illuminate\database\Eloquent\Builder.php(507): Illuminate\Database\Eloquent\Builder->getModels(Array)
#18 C:\aplikasi_sewa_gedung\vendor\illuminate\database\Concerns\BuildsQueries.php(143): Illuminate\Database\Eloquent\Builder->get(Array)
#19 C:\aplikasi_sewa_gedung\vendor\illuminate\auth\EloquentUserProvider.php(131): Illuminate\Database\Eloquent\Builder->first()
#20 C:\aplikasi_sewa_gedung\vendor\tymon\jwt-auth\src\JWTGuard.php(124): Illuminate\Auth\EloquentUserProvider->retrieveByCredentials(Array)
#21 C:\aplikasi_sewa_gedung\vendor\illuminate\auth\AuthManager.php(307): Tymon\JWTAuth\JWTGuard->attempt(Array)
#22 C:\aplikasi_sewa_gedung\vendor\illuminate\support\Facades\Facade.php(261): Illuminate\Auth\AuthManager->__call('attempt', Array)
#23 C:\aplikasi_sewa_gedung\app\Http\Controllers\AuthController.php(49): Illuminate\Support\Facades\Facade::__callStatic('attempt', Array)
#24 [internal function]: App\Http\Controllers\AuthController->login(Object(Laravel\Lumen\Http\Request))
#25 C:\aplikasi_sewa_gedung\vendor\illuminate\container\BoundMethod.php(32): call_user_func_array(Array, Array)
#26 C:\aplikasi_sewa_gedung\vendor\illuminate\container\Util.php(36): Illuminate\Container\BoundMethod::Illuminate\Container\{closure}()
#27 C:\aplikasi_sewa_gedung\vendor\illuminate\container\BoundMethod.php(90): Illuminate\Container\Util::unwrapIfClosure(Object(Closure))
#28 C:\aplikasi_sewa_gedung\vendor\illuminate\container\BoundMethod.php(34): Illuminate\Container\BoundMethod::callBoundMethod(Object(Laravel\Lumen\Application), Array, Object(Closure))
#29 C:\aplikasi_sewa_gedung\vendor\illuminate\container\Container.php(590): Illuminate\Container\BoundMethod::call(Object(Laravel\Lumen\Application), Array, Array, NULL)
#30 C:\aplikasi_sewa_gedung\vendor\laravel\lumen-framework\src\Concerns\RoutesRequests.php(376): Illuminate\Container\Container->call(Array, Array)
#31 C:\aplikasi_sewa_gedung\vendor\laravel\lumen-framework\src\Concerns\RoutesRequests.php(342): Laravel\Lumen\Application->callControllerCallable(Array, Array)
#32 C:\aplikasi_sewa_gedung\vendor\laravel\lumen-framework\src\Concerns\RoutesRequests.php(316): Laravel\Lumen\Application->callLumenController(Object(App\Http\Controllers\AuthController), 'login', Array)
#33 C:\aplikasi_sewa_gedung\vendor\laravel\lumen-framework\src\Concerns\RoutesRequests.php(278): Laravel\Lumen\Application->callControllerAction(Array)
#34 C:\aplikasi_sewa_gedung\vendor\laravel\lumen-framework\src\Concerns\RoutesRequests.php(263): Laravel\Lumen\Application->callActionOnArrayBasedRoute(Array)
#35 C:\aplikasi_sewa_gedung\vendor\laravel\lumen-framework\src\Concerns\RoutesRequests.php(165): Laravel\Lumen\Application->handleFoundRoute(Array)
#36 C:\aplikasi_sewa_gedung\vendor\laravel\lumen-framework\src\Concerns\RoutesRequests.php(416): Laravel\Lumen\Application->Laravel\Lumen\Concerns\{closure}(Object(Laravel\Lumen\Http\Request))
#37 C:\aplikasi_sewa_gedung\vendor\laravel\lumen-framework\src\Concerns\RoutesRequests.php(171): Laravel\Lumen\Application->sendThroughPipeline(Array, Object(Closure))
#38 C:\aplikasi_sewa_gedung\vendor\laravel\lumen-framework\src\Concerns\RoutesRequests.php(108): Laravel\Lumen\Application->dispatch(NULL)
#39 C:\aplikasi_sewa_gedung\public\index.php(28): Laravel\Lumen\Application->run()
#40 {main}

Next Illuminate\Database\QueryException: SQLSTATE[HY000] [2002] No connection could be made because the target machine actively refused it.
 (SQL: select * from `users` where `email` = user@gmail.com limit 1) in C:\aplikasi_sewa_gedung\vendor\illuminate\database\Connection.php:669
Stack trace:
#0 C:\aplikasi_sewa_gedung\vendor\illuminate\database\Connection.php(629): Illuminate\Database\Connection->runQueryCallback('select * from `...', Array, Object(Closure))
#1 C:\aplikasi_sewa_gedung\vendor\illuminate\database\Connection.php(338): Illuminate\Database\Connection->run('select * from `...', Array, Object(Closure))
#2 C:\aplikasi_sewa_gedung\vendor\illuminate\database\Query\Builder.php(2132): Illuminate\Database\Connection->select('select * from `...', Array, true)
#3 C:\aplikasi_sewa_gedung\vendor\illuminate\database\Query\Builder.php(2120): Illuminate\Database\Query\Builder->runSelect()
#4 C:\aplikasi_sewa_gedung\vendor\illuminate\database\Query\Builder.php(2586): Illuminate\Database\Query\Builder->Illuminate\Database\Query\{closure}()
#5 C:\aplikasi_sewa_gedung\vendor\illuminate\database\Query\Builder.php(2121): Illuminate\Database\Query\Builder->onceWithColumns(Array, Object(Closure))
#6 C:\aplikasi_sewa_gedung\vendor\illuminate\database\Eloquent\Builder.php(523): Illuminate\Database\Query\Builder->get(Array)
#7 C:\aplikasi_sewa_gedung\vendor\illuminate\database\Eloquent\Builder.php(507): Illuminate\Database\Eloquent\Builder->getModels(Array)
#8 C:\aplikasi_sewa_gedung\vendor\illuminate\database\Concerns\BuildsQueries.php(143): Illuminate\Database\Eloquent\Builder->get(Array)
#9 C:\aplikasi_sewa_gedung\vendor\illuminate\auth\EloquentUserProvider.php(131): Illuminate\Database\Eloquent\Builder->first()
#10 C:\aplikasi_sewa_gedung\vendor\tymon\jwt-auth\src\JWTGuard.php(124): Illuminate\Auth\EloquentUserProvider->retrieveByCredentials(Array)
#11 C:\aplikasi_sewa_gedung\vendor\illuminate\auth\AuthManager.php(307): Tymon\JWTAuth\JWTGuard->attempt(Array)
#12 C:\aplikasi_sewa_gedung\vendor\illuminate\support\Facades\Facade.php(261): Illuminate\Auth\AuthManager->__call('attempt', Array)
#13 C:\aplikasi_sewa_gedung\app\Http\Controllers\AuthController.php(49): Illuminate\Support\Facades\Facade::__callStatic('attempt', Array)
#14 [internal function]: App\Http\Controllers\AuthController->login(Object(Laravel\Lumen\Http\Request))
#15 C:\aplikasi_sewa_gedung\vendor\illuminate\container\BoundMethod.php(32): call_user_func_array(Array, Array)
#16 C:\aplikasi_sewa_gedung\vendor\illuminate\container\Util.php(36): Illuminate\Container\BoundMethod::Illuminate\Container\{closure}()
#17 C:\aplikasi_sewa_gedung\vendor\illuminate\container\BoundMethod.php(90): Illuminate\Container\Util::unwrapIfClosure(Object(Closure))
#18 C:\aplikasi_sewa_gedung\vendor\illuminate\container\BoundMethod.php(34): Illuminate\Container\BoundMethod::callBoundMethod(Object(Laravel\Lumen\Application), Array, Object(Closure))
#19 C:\aplikasi_sewa_gedung\vendor\illuminate\container\Container.php(590): Illuminate\Container\BoundMethod::call(Object(Laravel\Lumen\Application), Array, Array, NULL)
#20 C:\aplikasi_sewa_gedung\vendor\laravel\lumen-framework\src\Concerns\RoutesRequests.php(376): Illuminate\Container\Container->call(Array, Array)
#21 C:\aplikasi_sewa_gedung\vendor\laravel\lumen-framework\src\Concerns\RoutesRequests.php(342): Laravel\Lumen\Application->callControllerCallable(Array, Array)
#22 C:\aplikasi_sewa_gedung\vendor\laravel\lumen-framework\src\Concerns\RoutesRequests.php(316): Laravel\Lumen\Application->callLumenController(Object(App\Http\Controllers\AuthController), 'login', Array)
#23 C:\aplikasi_sewa_gedung\vendor\laravel\lumen-framework\src\Concerns\RoutesRequests.php(278): Laravel\Lumen\Application->callControllerAction(Array)
#24 C:\aplikasi_sewa_gedung\vendor\laravel\lumen-framework\src\Concerns\RoutesRequests.php(263): Laravel\Lumen\Application->callActionOnArrayBasedRoute(Array)
#25 C:\aplikasi_sewa_gedung\vendor\laravel\lumen-framework\src\Concerns\RoutesRequests.php(165): Laravel\Lumen\Application->handleFoundRoute(Array)
#26 C:\aplikasi_sewa_gedung\vendor\laravel\lumen-framework\src\Concerns\RoutesRequests.php(416): Laravel\Lumen\Application->Laravel\Lumen\Concerns\{closure}(Object(Laravel\Lumen\Http\Request))
#27 C:\aplikasi_sewa_gedung\vendor\laravel\lumen-framework\src\Concerns\RoutesRequests.php(171): Laravel\Lumen\Application->sendThroughPipeline(Array, Object(Closure))
#28 C:\aplikasi_sewa_gedung\vendor\laravel\lumen-framework\src\Concerns\RoutesRequests.php(108): Laravel\Lumen\Application->dispatch(NULL)
#29 C:\aplikasi_sewa_gedung\public\index.php(28): Laravel\Lumen\Application->run()
#30 {main} {"exception":"[object] (Illuminate\\Database\\QueryException(code: 2002): SQLSTATE[HY000] [2002] No connection could be made because the target machine actively refused it.
 (SQL: select * from `users` where `email` = user@gmail.com limit 1) at C:\\aplikasi_sewa_gedung\\vendor\\illuminate\\database\\Connection.php:669)
[stacktrace]
#0 C:\\aplikasi_sewa_gedung\\vendor\\illuminate\\database\\Connection.php(629): Illuminate\\Database\\Connection->runQueryCallback('select * from `...', Array, Object(Closure))
#1 C:\\aplikasi_sewa_gedung\\vendor\\illuminate\\database\\Connection.php(338): Illuminate\\Database\\Connection->run('select * from `...', Array, Object(Closure))
#2 C:\\aplikasi_sewa_gedung\\vendor\\illuminate\\database\\Query\\Builder.php(2132): Illuminate\\Database\\Connection->select('select * from `...', Array, true)
#3 C:\\aplikasi_sewa_gedung\\vendor\\illuminate\\database\\Query\\Builder.php(2120): Illuminate\\Database\\Query\\Builder->runSelect()
#4 C:\\aplikasi_sewa_gedung\\vendor\\illuminate\\database\\Query\\Builder.php(2586): Illuminate\\Database\\Query\\Builder->Illuminate\\Database\\Query\\{closure}()
#5 C:\\aplikasi_sewa_gedung\\vendor\\illuminate\\database\\Query\\Builder.php(2121): Illuminate\\Database\\Query\\Builder->onceWithColumns(Array, Object(Closure))
#6 C:\\aplikasi_sewa_gedung\\vendor\\illuminate\\database\\Eloquent\\Builder.php(523): Illuminate\\Database\\Query\\Builder->get(Array)
#7 C:\\aplikasi_sewa_gedung\\vendor\\illuminate\\database\\Eloquent\\Builder.php(507): Illuminate\\Database\\Eloquent\\Builder->getModels(Array)
#8 C:\\aplikasi_sewa_gedung\\vendor\\illuminate\\database\\Concerns\\BuildsQueries.php(143): Illuminate\\Database\\Eloquent\\Builder->get(Array)
#9 C:\\aplikasi_sewa_gedung\\vendor\\illuminate\\auth\\EloquentUserProvider.php(131): Illuminate\\Database\\Eloquent\\Builder->first()
#10 C:\\aplikasi_sewa_gedung\\vendor\\tymon\\jwt-auth\\src\\JWTGuard.php(124): Illuminate\\Auth\\EloquentUserProvider->retrieveByCredentials(Array)
#11 C:\\aplikasi_sewa_gedung\\vendor\\illuminate\\auth\\AuthManager.php(307): Tymon\\JWTAuth\\JWTGuard->attempt(Array)
#12 C:\\aplikasi_sewa_gedung\\vendor\\illuminate\\support\\Facades\\Facade.php(261): Illuminate\\Auth\\AuthManager->__call('attempt', Array)
#13 C:\\aplikasi_sewa_gedung\\app\\Http\\Controllers\\AuthController.php(49): Illuminate\\Support\\Facades\\Facade::__callStatic('attempt', Array)
#14 [internal function]: App\\Http\\Controllers\\AuthController->login(Object(Laravel\\Lumen\\Http\\Request))
#15 C:\\aplikasi_sewa_gedung\\vendor\\illuminate\\container\\BoundMethod.php(32): call_user_func_array(Array, Array)
#16 C:\\aplikasi_sewa_gedung\\vendor\\illuminate\\container\\Util.php(36): Illuminate\\Container\\BoundMethod::Illuminate\\Container\\{closure}()
#17 C:\\aplikasi_sewa_gedung\\vendor\\illuminate\\container\\BoundMethod.php(90): Illuminate\\Container\\Util::unwrapIfClosure(Object(Closure))
#18 C:\\aplikasi_sewa_gedung\\vendor\\illuminate\\container\\BoundMethod.php(34): Illuminate\\Container\\BoundMethod::callBoundMethod(Object(Laravel\\Lumen\\Application), Array, Object(Closure))
#19 C:\\aplikasi_sewa_gedung\\vendor\\illuminate\\container\\Container.php(590): Illuminate\\Container\\BoundMethod::call(Object(Laravel\\Lumen\\Application), Array, Array, NULL)
#20 C:\\aplikasi_sewa_gedung\\vendor\\laravel\\lumen-framework\\src\\Concerns\\RoutesRequests.php(376): Illuminate\\Container\\Container->call(Array, Array)
#21 C:\\aplikasi_sewa_gedung\\vendor\\laravel\\lumen-framework\\src\\Concerns\\RoutesRequests.php(342): Laravel\\Lumen\\Application->callControllerCallable(Array, Array)
#22 C:\\aplikasi_sewa_gedung\\vendor\\laravel\\lumen-framework\\src\\Concerns\\RoutesRequests.php(316): Laravel\\Lumen\\Application->callLumenController(Object(App\\Http\\Controllers\\AuthController), 'login', Array)
#23 C:\\aplikasi_sewa_gedung\\vendor\\laravel\\lumen-framework\\src\\Concerns\\RoutesRequests.php(278): Laravel\\Lumen\\Application->callControllerAction(Array)
#24 C:\\aplikasi_sewa_gedung\\vendor\\laravel\\lumen-framework\\src\\Concerns\\RoutesRequests.php(263): Laravel\\Lumen\\Application->callActionOnArrayBasedRoute(Array)
#25 C:\\aplikasi_sewa_gedung\\vendor\\laravel\\lumen-framework\\src\\Concerns\\RoutesRequests.php(165): Laravel\\Lumen\\Application->handleFoundRoute(Array)
#26 C:\\aplikasi_sewa_gedung\\vendor\\laravel\\lumen-framework\\src\\Concerns\\RoutesRequests.php(416): Laravel\\Lumen\\Application->Laravel\\Lumen\\Concerns\\{closure}(Object(Laravel\\Lumen\\Http\\Request))
#27 C:\\aplikasi_sewa_gedung\\vendor\\laravel\\lumen-framework\\src\\Concerns\\RoutesRequests.php(171): Laravel\\Lumen\\Application->sendThroughPipeline(Array, Object(Closure))
#28 C:\\aplikasi_sewa_gedung\\vendor\\laravel\\lumen-framework\\src\\Concerns\\RoutesRequests.php(108): Laravel\\Lumen\\Application->dispatch(NULL)
#29 C:\\aplikasi_sewa_gedung\\public\\index.php(28): Laravel\\Lumen\\Application->run()
#30 {main}

[previous exception] [object] (PDOException(code: 2002): SQLSTATE[HY000] [2002] No connection could be made because the target machine actively refused it.
 at C:\\aplikasi_sewa_gedung\\vendor\\illuminate\\database\\Connectors\\Connector.php:70)
[stacktrace]
#0 C:\\aplikasi_sewa_gedung\\vendor\\illuminate\\database\\Connectors\\Connector.php(70): PDO->__construct('mysql:host=127....', 'root', '', Array)
#1 C:\\aplikasi_sewa_gedung\\vendor\\illuminate\\database\\Connectors\\Connector.php(46): Illuminate\\Database\\Connectors\\Connector->createPdoConnection('mysql:host=127....', 'root', '', Array)
#2 C:\\aplikasi_sewa_gedung\\vendor\\illuminate\\database\\Connectors\\MySqlConnector.php(24): Illuminate\\Database\\Connectors\\Connector->createConnection('mysql:host=127....', Array, Array)
#3 C:\\aplikasi_sewa_gedung\\vendor\\illuminate\\database\\Connectors\\ConnectionFactory.php(182): Illuminate\\Database\\Connectors\\MySqlConnector->connect(Array)
#4 [internal function]: Illuminate\\Database\\Connectors\\ConnectionFactory->Illuminate\\Database\\Connectors\\{closure}()
#5 C:\\aplikasi_sewa_gedung\\vendor\\illuminate\\database\\Connection.php(924): call_user_func(Object(Closure))
#6 C:\\aplikasi_sewa_gedung\\vendor\\illuminate\\database\\Connection.php(959): Illuminate\\Database\\Connection->getPdo()
#7 C:\\aplikasi_sewa_gedung\\vendor\\illuminate\\database\\Connection.php(404): Illuminate\\Database\\Connection->getReadPdo()
#8 C:\\aplikasi_sewa_gedung\\vendor\\illuminate\\database\\Connection.php(330): Illuminate\\Database\\Connection->getPdoForSelect(true)
#9 C:\\aplikasi_sewa_gedung\\vendor\\illuminate\\database\\Connection.php(662): Illuminate\\Database\\Connection->Illuminate\\Database\\{closure}('select * from `...', Array)
#10 C:\\aplikasi_sewa_gedung\\vendor\\illuminate\\database\\Connection.php(629): Illuminate\\Database\\Connection->runQueryCallback('select * from `...', Array, Object(Closure))
#11 C:\\aplikasi_sewa_gedung\\vendor\\illuminate\\database\\Connection.php(338): Illuminate\\Database\\Connection->run('select * from `...', Array, Object(Closure))
#12 C:\\aplikasi_sewa_gedung\\vendor\\illuminate\\database\\Query\\Builder.php(2132): Illuminate\\Database\\Connection->select('select * from `...', Array, true)
#13 C:\\aplikasi_sewa_gedung\\vendor\\illuminate\\database\\Query\\Builder.php(2120): Illuminate\\Database\\Query\\Builder->runSelect()
#14 C:\\aplikasi_sewa_gedung\\vendor\\illuminate\\database\\Query\\Builder.php(2586): Illuminate\\Database\\Query\\Builder->Illuminate\\Database\\Query\\{closure}()
#15 C:\\aplikasi_sewa_gedung\\vendor\\illuminate\\database\\Query\\Builder.php(2121): Illuminate\\Database\\Query\\Builder->onceWithColumns(Array, Object(Closure))
#16 C:\\aplikasi_sewa_gedung\\vendor\\illuminate\\database\\Eloquent\\Builder.php(523): Illuminate\\Database\\Query\\Builder->get(Array)
#17 C:\\aplikasi_sewa_gedung\\vendor\\illuminate\\database\\Eloquent\\Builder.php(507): Illuminate\\Database\\Eloquent\\Builder->getModels(Array)
#18 C:\\aplikasi_sewa_gedung\\vendor\\illuminate\\database\\Concerns\\BuildsQueries.php(143): Illuminate\\Database\\Eloquent\\Builder->get(Array)
#19 C:\\aplikasi_sewa_gedung\\vendor\\illuminate\\auth\\EloquentUserProvider.php(131): Illuminate\\Database\\Eloquent\\Builder->first()
#20 C:\\aplikasi_sewa_gedung\\vendor\\tymon\\jwt-auth\\src\\JWTGuard.php(124): Illuminate\\Auth\\EloquentUserProvider->retrieveByCredentials(Array)
#21 C:\\aplikasi_sewa_gedung\\vendor\\illuminate\\auth\\AuthManager.php(307): Tymon\\JWTAuth\\JWTGuard->attempt(Array)
#22 C:\\aplikasi_sewa_gedung\\vendor\\illuminate\\support\\Facades\\Facade.php(261): Illuminate\\Auth\\AuthManager->__call('attempt', Array)
#23 C:\\aplikasi_sewa_gedung\\app\\Http\\Controllers\\AuthController.php(49): Illuminate\\Support\\Facades\\Facade::__callStatic('attempt', Array)
#24 [internal function]: App\\Http\\Controllers\\AuthController->login(Object(Laravel\\Lumen\\Http\\Request))
#25 C:\\aplikasi_sewa_gedung\\vendor\\illuminate\\container\\BoundMethod.php(32): call_user_func_array(Array, Array)
#26 C:\\aplikasi_sewa_gedung\\vendor\\illuminate\\container\\Util.php(36): Illuminate\\Container\\BoundMethod::Illuminate\\Container\\{closure}()
#27 C:\\aplikasi_sewa_gedung\\vendor\\illuminate\\container\\BoundMethod.php(90): Illuminate\\Container\\Util::unwrapIfClosure(Object(Closure))
#28 C:\\aplikasi_sewa_gedung\\vendor\\illuminate\\container\\BoundMethod.php(34): Illuminate\\Container\\BoundMethod::callBoundMethod(Object(Laravel\\Lumen\\Application), Array, Object(Closure))
#29 C:\\aplikasi_sewa_gedung\\vendor\\illuminate\\container\\Container.php(590): Illuminate\\Container\\BoundMethod::call(Object(Laravel\\Lumen\\Application), Array, Array, NULL)
#30 C:\\aplikasi_sewa_gedung\\vendor\\laravel\\lumen-framework\\src\\Concerns\\RoutesRequests.php(376): Illuminate\\Container\\Container->call(Array, Array)
#31 C:\\aplikasi_sewa_gedung\\vendor\\laravel\\lumen-framework\\src\\Concerns\\RoutesRequests.php(342): Laravel\\Lumen\\Application->callControllerCallable(Array, Array)
#32 C:\\aplikasi_sewa_gedung\\vendor\\laravel\\lumen-framework\\src\\Concerns\\RoutesRequests.php(316): Laravel\\Lumen\\Application->callLumenController(Object(App\\Http\\Controllers\\AuthController), 'login', Array)
#33 C:\\aplikasi_sewa_gedung\\vendor\\laravel\\lumen-framework\\src\\Concerns\\RoutesRequests.php(278): Laravel\\Lumen\\Application->callControllerAction(Array)
#34 C:\\aplikasi_sewa_gedung\\vendor\\laravel\\lumen-framework\\src\\Concerns\\RoutesRequests.php(263): Laravel\\Lumen\\Application->callActionOnArrayBasedRoute(Array)
#35 C:\\aplikasi_sewa_gedung\\vendor\\laravel\\lumen-framework\\src\\Concerns\\RoutesRequests.php(165): Laravel\\Lumen\\Application->handleFoundRoute(Array)
#36 C:\\aplikasi_sewa_gedung\\vendor\\laravel\\lumen-framework\\src\\Concerns\\RoutesRequests.php(416): Laravel\\Lumen\\Application->Laravel\\Lumen\\Concerns\\{closure}(Object(Laravel\\Lumen\\Http\\Request))
#37 C:\\aplikasi_sewa_gedung\\vendor\\laravel\\lumen-framework\\src\\Concerns\\RoutesRequests.php(171): Laravel\\Lumen\\Application->sendThroughPipeline(Array, Object(Closure))
#38 C:\\aplikasi_sewa_gedung\\vendor\\laravel\\lumen-framework\\src\\Concerns\\RoutesRequests.php(108): Laravel\\Lumen\\Application->dispatch(NULL)
#39 C:\\aplikasi_sewa_gedung\\public\\index.php(28): Laravel\\Lumen\\Application->run()
#40 {main}
"} 
